
PL/SQL procedure successfully completed.

timing for: create_timing
Elapsed: 00:00:00.29

SCHEMA_URL
--------------------------------------------------------------------------------
LOC
---
SCHEMA
--------------------------------------------------------------------------------
INT_OBJNAME
--------------------------------------------------------------------------------
QUAL_SCHEMA_URL
--------------------------------------------------------------------------------
HIER_TYPE   BIN SCHEMA_ID			 HID
----------- --- -------------------------------- ---
sales_receipt.xsd

SCHEMA_URL
--------------------------------------------------------------------------------
LOC
---
SCHEMA
--------------------------------------------------------------------------------
INT_OBJNAME
--------------------------------------------------------------------------------
QUAL_SCHEMA_URL
--------------------------------------------------------------------------------
HIER_TYPE   BIN SCHEMA_ID			 HID
----------- --- -------------------------------- ---
YES

SCHEMA_URL
--------------------------------------------------------------------------------
LOC
---
SCHEMA
--------------------------------------------------------------------------------
INT_OBJNAME
--------------------------------------------------------------------------------
QUAL_SCHEMA_URL
--------------------------------------------------------------------------------
HIER_TYPE   BIN SCHEMA_ID			 HID
----------- --- -------------------------------- ---
<?xml version="1.0" encoding="WINDOWS-1252"?>

SCHEMA_URL
--------------------------------------------------------------------------------
LOC
---
SCHEMA
--------------------------------------------------------------------------------
INT_OBJNAME
--------------------------------------------------------------------------------
QUAL_SCHEMA_URL
--------------------------------------------------------------------------------
HIER_TYPE   BIN SCHEMA_ID			 HID
----------- --- -------------------------------- ---
<xs:schema xmlns:xs="http://www.w3

SCHEMA_URL
--------------------------------------------------------------------------------
LOC
---
SCHEMA
--------------------------------------------------------------------------------
INT_OBJNAME
--------------------------------------------------------------------------------
QUAL_SCHEMA_URL
--------------------------------------------------------------------------------
HIER_TYPE   BIN SCHEMA_ID			 HID
----------- --- -------------------------------- ---
XDJr/vgLL7QamBVCllzx9X1A==

SCHEMA_URL
--------------------------------------------------------------------------------
LOC
---
SCHEMA
--------------------------------------------------------------------------------
INT_OBJNAME
--------------------------------------------------------------------------------
QUAL_SCHEMA_URL
--------------------------------------------------------------------------------
HIER_TYPE   BIN SCHEMA_ID			 HID
----------- --- -------------------------------- ---
http://xmlns.oracle.com/xdb/schemas/COFFEESHOP/sales_receipt.xsd

SCHEMA_URL
--------------------------------------------------------------------------------
LOC
---
SCHEMA
--------------------------------------------------------------------------------
INT_OBJNAME
--------------------------------------------------------------------------------
QUAL_SCHEMA_URL
--------------------------------------------------------------------------------
HIER_TYPE   BIN SCHEMA_ID			 HID
----------- --- -------------------------------- ---
NONE	    NO	26BFEF80B2FB41A981542965CF1F57D4 NO

SCHEMA_URL
--------------------------------------------------------------------------------
LOC
---
SCHEMA
--------------------------------------------------------------------------------
INT_OBJNAME
--------------------------------------------------------------------------------
QUAL_SCHEMA_URL
--------------------------------------------------------------------------------
HIER_TYPE   BIN SCHEMA_ID			 HID
----------- --- -------------------------------- ---


