
PRODUCT_ID
--------------------------------------------------------------------------------
SALES_OUTLET_ID
--------------------------------------------------------------------------------
      WEEK	   ID SQUARE_FEET
---------- ---------- -----------
ADDRESS
--------------------------------------------------------------------------------
CITY
--------------------------------------------------------------------------------
PROVINCE
--------------------------------------------------------------------------------
TELEPHONE
--------------------------------------------------------------------------------
POSTAL_CODE  LONGITUDE	 LATITUDE SALES_OUTLET_TYPE_ID MANAGER_STAFF_ID
----------- ---------- ---------- -------------------- ----------------
	ID
----------
DESCRIPTION
--------------------------------------------------------------------------------
CURRENT_WHOLESALE_PRICE CURRENT_RETAIL_PRICE TAX_EXEMPT      PROMO NEW_PRODUCT
----------------------- -------------------- ---------- ---------- -----------
UNIT_OF_ PRODUCT_GROUP_ID PRODUCT_CATEGORY_ID PRODUCT_TYPE_ID
-------- ---------------- ------------------- ---------------
1234

PRODUCT_ID
--------------------------------------------------------------------------------
SALES_OUTLET_ID
--------------------------------------------------------------------------------
      WEEK	   ID SQUARE_FEET
---------- ---------- -----------
ADDRESS
--------------------------------------------------------------------------------
CITY
--------------------------------------------------------------------------------
PROVINCE
--------------------------------------------------------------------------------
TELEPHONE
--------------------------------------------------------------------------------
POSTAL_CODE  LONGITUDE	 LATITUDE SALES_OUTLET_TYPE_ID MANAGER_STAFF_ID
----------- ---------- ---------- -------------------- ----------------
	ID
----------
DESCRIPTION
--------------------------------------------------------------------------------
CURRENT_WHOLESALE_PRICE CURRENT_RETAIL_PRICE TAX_EXEMPT      PROMO NEW_PRODUCT
----------------------- -------------------- ---------- ---------- -----------
UNIT_OF_ PRODUCT_GROUP_ID PRODUCT_CATEGORY_ID PRODUCT_TYPE_ID
-------- ---------------- ------------------- ---------------
3

PRODUCT_ID
--------------------------------------------------------------------------------
SALES_OUTLET_ID
--------------------------------------------------------------------------------
      WEEK	   ID SQUARE_FEET
---------- ---------- -----------
ADDRESS
--------------------------------------------------------------------------------
CITY
--------------------------------------------------------------------------------
PROVINCE
--------------------------------------------------------------------------------
TELEPHONE
--------------------------------------------------------------------------------
POSTAL_CODE  LONGITUDE	 LATITUDE SALES_OUTLET_TYPE_ID MANAGER_STAFF_ID
----------- ---------- ---------- -------------------- ----------------
	ID
----------
DESCRIPTION
--------------------------------------------------------------------------------
CURRENT_WHOLESALE_PRICE CURRENT_RETAIL_PRICE TAX_EXEMPT      PROMO NEW_PRODUCT
----------------------- -------------------- ---------- ---------- -----------
UNIT_OF_ PRODUCT_GROUP_ID PRODUCT_CATEGORY_ID PRODUCT_TYPE_ID
-------- ---------------- ------------------- ---------------
	16	    3	     3957

PRODUCT_ID
--------------------------------------------------------------------------------
SALES_OUTLET_ID
--------------------------------------------------------------------------------
      WEEK	   ID SQUARE_FEET
---------- ---------- -----------
ADDRESS
--------------------------------------------------------------------------------
CITY
--------------------------------------------------------------------------------
PROVINCE
--------------------------------------------------------------------------------
TELEPHONE
--------------------------------------------------------------------------------
POSTAL_CODE  LONGITUDE	 LATITUDE SALES_OUTLET_TYPE_ID MANAGER_STAFF_ID
----------- ---------- ---------- -------------------- ----------------
	ID
----------
DESCRIPTION
--------------------------------------------------------------------------------
CURRENT_WHOLESALE_PRICE CURRENT_RETAIL_PRICE TAX_EXEMPT      PROMO NEW_PRODUCT
----------------------- -------------------- ---------- ---------- -----------
UNIT_OF_ PRODUCT_GROUP_ID PRODUCT_CATEGORY_ID PRODUCT_TYPE_ID
-------- ---------------- ------------------- ---------------
9 Bonner Avenue

PRODUCT_ID
--------------------------------------------------------------------------------
SALES_OUTLET_ID
--------------------------------------------------------------------------------
      WEEK	   ID SQUARE_FEET
---------- ---------- -----------
ADDRESS
--------------------------------------------------------------------------------
CITY
--------------------------------------------------------------------------------
PROVINCE
--------------------------------------------------------------------------------
TELEPHONE
--------------------------------------------------------------------------------
POSTAL_CODE  LONGITUDE	 LATITUDE SALES_OUTLET_TYPE_ID MANAGER_STAFF_ID
----------- ---------- ---------- -------------------- ----------------
	ID
----------
DESCRIPTION
--------------------------------------------------------------------------------
CURRENT_WHOLESALE_PRICE CURRENT_RETAIL_PRICE TAX_EXEMPT      PROMO NEW_PRODUCT
----------------------- -------------------- ---------- ---------- -----------
UNIT_OF_ PRODUCT_GROUP_ID PRODUCT_CATEGORY_ID PRODUCT_TYPE_ID
-------- ---------------- ------------------- ---------------
Atlanta

PRODUCT_ID
--------------------------------------------------------------------------------
SALES_OUTLET_ID
--------------------------------------------------------------------------------
      WEEK	   ID SQUARE_FEET
---------- ---------- -----------
ADDRESS
--------------------------------------------------------------------------------
CITY
--------------------------------------------------------------------------------
PROVINCE
--------------------------------------------------------------------------------
TELEPHONE
--------------------------------------------------------------------------------
POSTAL_CODE  LONGITUDE	 LATITUDE SALES_OUTLET_TYPE_ID MANAGER_STAFF_ID
----------- ---------- ---------- -------------------- ----------------
	ID
----------
DESCRIPTION
--------------------------------------------------------------------------------
CURRENT_WHOLESALE_PRICE CURRENT_RETAIL_PRICE TAX_EXEMPT      PROMO NEW_PRODUCT
----------------------- -------------------- ---------- ---------- -----------
UNIT_OF_ PRODUCT_GROUP_ID PRODUCT_CATEGORY_ID PRODUCT_TYPE_ID
-------- ---------------- ------------------- ---------------
GA

PRODUCT_ID
--------------------------------------------------------------------------------
SALES_OUTLET_ID
--------------------------------------------------------------------------------
      WEEK	   ID SQUARE_FEET
---------- ---------- -----------
ADDRESS
--------------------------------------------------------------------------------
CITY
--------------------------------------------------------------------------------
PROVINCE
--------------------------------------------------------------------------------
TELEPHONE
--------------------------------------------------------------------------------
POSTAL_CODE  LONGITUDE	 LATITUDE SALES_OUTLET_TYPE_ID MANAGER_STAFF_ID
----------- ---------- ---------- -------------------- ----------------
	ID
----------
DESCRIPTION
--------------------------------------------------------------------------------
CURRENT_WHOLESALE_PRICE CURRENT_RETAIL_PRICE TAX_EXEMPT      PROMO NEW_PRODUCT
----------------------- -------------------- ---------- ---------- -----------
UNIT_OF_ PRODUCT_GROUP_ID PRODUCT_CATEGORY_ID PRODUCT_TYPE_ID
-------- ---------------- ------------------- ---------------
404-376-1678

PRODUCT_ID
--------------------------------------------------------------------------------
SALES_OUTLET_ID
--------------------------------------------------------------------------------
      WEEK	   ID SQUARE_FEET
---------- ---------- -----------
ADDRESS
--------------------------------------------------------------------------------
CITY
--------------------------------------------------------------------------------
PROVINCE
--------------------------------------------------------------------------------
TELEPHONE
--------------------------------------------------------------------------------
POSTAL_CODE  LONGITUDE	 LATITUDE SALES_OUTLET_TYPE_ID MANAGER_STAFF_ID
----------- ---------- ---------- -------------------- ----------------
	ID
----------
DESCRIPTION
--------------------------------------------------------------------------------
CURRENT_WHOLESALE_PRICE CURRENT_RETAIL_PRICE TAX_EXEMPT      PROMO NEW_PRODUCT
----------------------- -------------------- ---------- ---------- -----------
UNIT_OF_ PRODUCT_GROUP_ID PRODUCT_CATEGORY_ID PRODUCT_TYPE_ID
-------- ---------------- ------------------- ---------------
      30392	-84.47	    33.84		     2		    277

PRODUCT_ID
--------------------------------------------------------------------------------
SALES_OUTLET_ID
--------------------------------------------------------------------------------
      WEEK	   ID SQUARE_FEET
---------- ---------- -----------
ADDRESS
--------------------------------------------------------------------------------
CITY
--------------------------------------------------------------------------------
PROVINCE
--------------------------------------------------------------------------------
TELEPHONE
--------------------------------------------------------------------------------
POSTAL_CODE  LONGITUDE	 LATITUDE SALES_OUTLET_TYPE_ID MANAGER_STAFF_ID
----------- ---------- ---------- -------------------- ----------------
	ID
----------
DESCRIPTION
--------------------------------------------------------------------------------
CURRENT_WHOLESALE_PRICE CURRENT_RETAIL_PRICE TAX_EXEMPT      PROMO NEW_PRODUCT
----------------------- -------------------- ---------- ---------- -----------
UNIT_OF_ PRODUCT_GROUP_ID PRODUCT_CATEGORY_ID PRODUCT_TYPE_ID
-------- ---------------- ------------------- ---------------
      1234

PRODUCT_ID
--------------------------------------------------------------------------------
SALES_OUTLET_ID
--------------------------------------------------------------------------------
      WEEK	   ID SQUARE_FEET
---------- ---------- -----------
ADDRESS
--------------------------------------------------------------------------------
CITY
--------------------------------------------------------------------------------
PROVINCE
--------------------------------------------------------------------------------
TELEPHONE
--------------------------------------------------------------------------------
POSTAL_CODE  LONGITUDE	 LATITUDE SALES_OUTLET_TYPE_ID MANAGER_STAFF_ID
----------- ---------- ---------- -------------------- ----------------
	ID
----------
DESCRIPTION
--------------------------------------------------------------------------------
CURRENT_WHOLESALE_PRICE CURRENT_RETAIL_PRICE TAX_EXEMPT      PROMO NEW_PRODUCT
----------------------- -------------------- ---------- ---------- -----------
UNIT_OF_ PRODUCT_GROUP_ID PRODUCT_CATEGORY_ID PRODUCT_TYPE_ID
-------- ---------------- ------------------- ---------------
Flakey and buttery

PRODUCT_ID
--------------------------------------------------------------------------------
SALES_OUTLET_ID
--------------------------------------------------------------------------------
      WEEK	   ID SQUARE_FEET
---------- ---------- -----------
ADDRESS
--------------------------------------------------------------------------------
CITY
--------------------------------------------------------------------------------
PROVINCE
--------------------------------------------------------------------------------
TELEPHONE
--------------------------------------------------------------------------------
POSTAL_CODE  LONGITUDE	 LATITUDE SALES_OUTLET_TYPE_ID MANAGER_STAFF_ID
----------- ---------- ---------- -------------------- ----------------
	ID
----------
DESCRIPTION
--------------------------------------------------------------------------------
CURRENT_WHOLESALE_PRICE CURRENT_RETAIL_PRICE TAX_EXEMPT      PROMO NEW_PRODUCT
----------------------- -------------------- ---------- ---------- -----------
UNIT_OF_ PRODUCT_GROUP_ID PRODUCT_CATEGORY_ID PRODUCT_TYPE_ID
-------- ---------------- ------------------- ---------------
		  18.56 	       24.56	      1 	 1	     0

PRODUCT_ID
--------------------------------------------------------------------------------
SALES_OUTLET_ID
--------------------------------------------------------------------------------
      WEEK	   ID SQUARE_FEET
---------- ---------- -----------
ADDRESS
--------------------------------------------------------------------------------
CITY
--------------------------------------------------------------------------------
PROVINCE
--------------------------------------------------------------------------------
TELEPHONE
--------------------------------------------------------------------------------
POSTAL_CODE  LONGITUDE	 LATITUDE SALES_OUTLET_TYPE_ID MANAGER_STAFF_ID
----------- ---------- ---------- -------------------- ----------------
	ID
----------
DESCRIPTION
--------------------------------------------------------------------------------
CURRENT_WHOLESALE_PRICE CURRENT_RETAIL_PRICE TAX_EXEMPT      PROMO NEW_PRODUCT
----------------------- -------------------- ---------- ---------- -----------
UNIT_OF_ PRODUCT_GROUP_ID PRODUCT_CATEGORY_ID PRODUCT_TYPE_ID
-------- ---------------- ------------------- ---------------
8 oz			2		    1		    8

PRODUCT_ID
--------------------------------------------------------------------------------
SALES_OUTLET_ID
--------------------------------------------------------------------------------
      WEEK	   ID SQUARE_FEET
---------- ---------- -----------
ADDRESS
--------------------------------------------------------------------------------
CITY
--------------------------------------------------------------------------------
PROVINCE
--------------------------------------------------------------------------------
TELEPHONE
--------------------------------------------------------------------------------
POSTAL_CODE  LONGITUDE	 LATITUDE SALES_OUTLET_TYPE_ID MANAGER_STAFF_ID
----------- ---------- ---------- -------------------- ----------------
	ID
----------
DESCRIPTION
--------------------------------------------------------------------------------
CURRENT_WHOLESALE_PRICE CURRENT_RETAIL_PRICE TAX_EXEMPT      PROMO NEW_PRODUCT
----------------------- -------------------- ---------- ---------- -----------
UNIT_OF_ PRODUCT_GROUP_ID PRODUCT_CATEGORY_ID PRODUCT_TYPE_ID
-------- ---------------- ------------------- ---------------


PRODUCT_ID
--------------------------------------------------------------------------------
SALES_OUTLET_ID
--------------------------------------------------------------------------------
      WEEK	   ID SQUARE_FEET
---------- ---------- -----------
ADDRESS
--------------------------------------------------------------------------------
CITY
--------------------------------------------------------------------------------
PROVINCE
--------------------------------------------------------------------------------
TELEPHONE
--------------------------------------------------------------------------------
POSTAL_CODE  LONGITUDE	 LATITUDE SALES_OUTLET_TYPE_ID MANAGER_STAFF_ID
----------- ---------- ---------- -------------------- ----------------
	ID
----------
DESCRIPTION
--------------------------------------------------------------------------------
CURRENT_WHOLESALE_PRICE CURRENT_RETAIL_PRICE TAX_EXEMPT      PROMO NEW_PRODUCT
----------------------- -------------------- ---------- ---------- -----------
UNIT_OF_ PRODUCT_GROUP_ID PRODUCT_CATEGORY_ID PRODUCT_TYPE_ID
-------- ---------------- ------------------- ---------------
870

PRODUCT_ID
--------------------------------------------------------------------------------
SALES_OUTLET_ID
--------------------------------------------------------------------------------
      WEEK	   ID SQUARE_FEET
---------- ---------- -----------
ADDRESS
--------------------------------------------------------------------------------
CITY
--------------------------------------------------------------------------------
PROVINCE
--------------------------------------------------------------------------------
TELEPHONE
--------------------------------------------------------------------------------
POSTAL_CODE  LONGITUDE	 LATITUDE SALES_OUTLET_TYPE_ID MANAGER_STAFF_ID
----------- ---------- ---------- -------------------- ----------------
	ID
----------
DESCRIPTION
--------------------------------------------------------------------------------
CURRENT_WHOLESALE_PRICE CURRENT_RETAIL_PRICE TAX_EXEMPT      PROMO NEW_PRODUCT
----------------------- -------------------- ---------- ---------- -----------
UNIT_OF_ PRODUCT_GROUP_ID PRODUCT_CATEGORY_ID PRODUCT_TYPE_ID
-------- ---------------- ------------------- ---------------
3

PRODUCT_ID
--------------------------------------------------------------------------------
SALES_OUTLET_ID
--------------------------------------------------------------------------------
      WEEK	   ID SQUARE_FEET
---------- ---------- -----------
ADDRESS
--------------------------------------------------------------------------------
CITY
--------------------------------------------------------------------------------
PROVINCE
--------------------------------------------------------------------------------
TELEPHONE
--------------------------------------------------------------------------------
POSTAL_CODE  LONGITUDE	 LATITUDE SALES_OUTLET_TYPE_ID MANAGER_STAFF_ID
----------- ---------- ---------- -------------------- ----------------
	ID
----------
DESCRIPTION
--------------------------------------------------------------------------------
CURRENT_WHOLESALE_PRICE CURRENT_RETAIL_PRICE TAX_EXEMPT      PROMO NEW_PRODUCT
----------------------- -------------------- ---------- ---------- -----------
UNIT_OF_ PRODUCT_GROUP_ID PRODUCT_CATEGORY_ID PRODUCT_TYPE_ID
-------- ---------------- ------------------- ---------------
	16	    3	     3957

PRODUCT_ID
--------------------------------------------------------------------------------
SALES_OUTLET_ID
--------------------------------------------------------------------------------
      WEEK	   ID SQUARE_FEET
---------- ---------- -----------
ADDRESS
--------------------------------------------------------------------------------
CITY
--------------------------------------------------------------------------------
PROVINCE
--------------------------------------------------------------------------------
TELEPHONE
--------------------------------------------------------------------------------
POSTAL_CODE  LONGITUDE	 LATITUDE SALES_OUTLET_TYPE_ID MANAGER_STAFF_ID
----------- ---------- ---------- -------------------- ----------------
	ID
----------
DESCRIPTION
--------------------------------------------------------------------------------
CURRENT_WHOLESALE_PRICE CURRENT_RETAIL_PRICE TAX_EXEMPT      PROMO NEW_PRODUCT
----------------------- -------------------- ---------- ---------- -----------
UNIT_OF_ PRODUCT_GROUP_ID PRODUCT_CATEGORY_ID PRODUCT_TYPE_ID
-------- ---------------- ------------------- ---------------
9 Bonner Avenue

PRODUCT_ID
--------------------------------------------------------------------------------
SALES_OUTLET_ID
--------------------------------------------------------------------------------
      WEEK	   ID SQUARE_FEET
---------- ---------- -----------
ADDRESS
--------------------------------------------------------------------------------
CITY
--------------------------------------------------------------------------------
PROVINCE
--------------------------------------------------------------------------------
TELEPHONE
--------------------------------------------------------------------------------
POSTAL_CODE  LONGITUDE	 LATITUDE SALES_OUTLET_TYPE_ID MANAGER_STAFF_ID
----------- ---------- ---------- -------------------- ----------------
	ID
----------
DESCRIPTION
--------------------------------------------------------------------------------
CURRENT_WHOLESALE_PRICE CURRENT_RETAIL_PRICE TAX_EXEMPT      PROMO NEW_PRODUCT
----------------------- -------------------- ---------- ---------- -----------
UNIT_OF_ PRODUCT_GROUP_ID PRODUCT_CATEGORY_ID PRODUCT_TYPE_ID
-------- ---------------- ------------------- ---------------
Atlanta

PRODUCT_ID
--------------------------------------------------------------------------------
SALES_OUTLET_ID
--------------------------------------------------------------------------------
      WEEK	   ID SQUARE_FEET
---------- ---------- -----------
ADDRESS
--------------------------------------------------------------------------------
CITY
--------------------------------------------------------------------------------
PROVINCE
--------------------------------------------------------------------------------
TELEPHONE
--------------------------------------------------------------------------------
POSTAL_CODE  LONGITUDE	 LATITUDE SALES_OUTLET_TYPE_ID MANAGER_STAFF_ID
----------- ---------- ---------- -------------------- ----------------
	ID
----------
DESCRIPTION
--------------------------------------------------------------------------------
CURRENT_WHOLESALE_PRICE CURRENT_RETAIL_PRICE TAX_EXEMPT      PROMO NEW_PRODUCT
----------------------- -------------------- ---------- ---------- -----------
UNIT_OF_ PRODUCT_GROUP_ID PRODUCT_CATEGORY_ID PRODUCT_TYPE_ID
-------- ---------------- ------------------- ---------------
GA

PRODUCT_ID
--------------------------------------------------------------------------------
SALES_OUTLET_ID
--------------------------------------------------------------------------------
      WEEK	   ID SQUARE_FEET
---------- ---------- -----------
ADDRESS
--------------------------------------------------------------------------------
CITY
--------------------------------------------------------------------------------
PROVINCE
--------------------------------------------------------------------------------
TELEPHONE
--------------------------------------------------------------------------------
POSTAL_CODE  LONGITUDE	 LATITUDE SALES_OUTLET_TYPE_ID MANAGER_STAFF_ID
----------- ---------- ---------- -------------------- ----------------
	ID
----------
DESCRIPTION
--------------------------------------------------------------------------------
CURRENT_WHOLESALE_PRICE CURRENT_RETAIL_PRICE TAX_EXEMPT      PROMO NEW_PRODUCT
----------------------- -------------------- ---------- ---------- -----------
UNIT_OF_ PRODUCT_GROUP_ID PRODUCT_CATEGORY_ID PRODUCT_TYPE_ID
-------- ---------------- ------------------- ---------------
404-376-1678

PRODUCT_ID
--------------------------------------------------------------------------------
SALES_OUTLET_ID
--------------------------------------------------------------------------------
      WEEK	   ID SQUARE_FEET
---------- ---------- -----------
ADDRESS
--------------------------------------------------------------------------------
CITY
--------------------------------------------------------------------------------
PROVINCE
--------------------------------------------------------------------------------
TELEPHONE
--------------------------------------------------------------------------------
POSTAL_CODE  LONGITUDE	 LATITUDE SALES_OUTLET_TYPE_ID MANAGER_STAFF_ID
----------- ---------- ---------- -------------------- ----------------
	ID
----------
DESCRIPTION
--------------------------------------------------------------------------------
CURRENT_WHOLESALE_PRICE CURRENT_RETAIL_PRICE TAX_EXEMPT      PROMO NEW_PRODUCT
----------------------- -------------------- ---------- ---------- -----------
UNIT_OF_ PRODUCT_GROUP_ID PRODUCT_CATEGORY_ID PRODUCT_TYPE_ID
-------- ---------------- ------------------- ---------------
      30392	-84.47	    33.84		     2		    277

PRODUCT_ID
--------------------------------------------------------------------------------
SALES_OUTLET_ID
--------------------------------------------------------------------------------
      WEEK	   ID SQUARE_FEET
---------- ---------- -----------
ADDRESS
--------------------------------------------------------------------------------
CITY
--------------------------------------------------------------------------------
PROVINCE
--------------------------------------------------------------------------------
TELEPHONE
--------------------------------------------------------------------------------
POSTAL_CODE  LONGITUDE	 LATITUDE SALES_OUTLET_TYPE_ID MANAGER_STAFF_ID
----------- ---------- ---------- -------------------- ----------------
	ID
----------
DESCRIPTION
--------------------------------------------------------------------------------
CURRENT_WHOLESALE_PRICE CURRENT_RETAIL_PRICE TAX_EXEMPT      PROMO NEW_PRODUCT
----------------------- -------------------- ---------- ---------- -----------
UNIT_OF_ PRODUCT_GROUP_ID PRODUCT_CATEGORY_ID PRODUCT_TYPE_ID
-------- ---------------- ------------------- ---------------
       870

PRODUCT_ID
--------------------------------------------------------------------------------
SALES_OUTLET_ID
--------------------------------------------------------------------------------
      WEEK	   ID SQUARE_FEET
---------- ---------- -----------
ADDRESS
--------------------------------------------------------------------------------
CITY
--------------------------------------------------------------------------------
PROVINCE
--------------------------------------------------------------------------------
TELEPHONE
--------------------------------------------------------------------------------
POSTAL_CODE  LONGITUDE	 LATITUDE SALES_OUTLET_TYPE_ID MANAGER_STAFF_ID
----------- ---------- ---------- -------------------- ----------------
	ID
----------
DESCRIPTION
--------------------------------------------------------------------------------
CURRENT_WHOLESALE_PRICE CURRENT_RETAIL_PRICE TAX_EXEMPT      PROMO NEW_PRODUCT
----------------------- -------------------- ---------- ---------- -----------
UNIT_OF_ PRODUCT_GROUP_ID PRODUCT_CATEGORY_ID PRODUCT_TYPE_ID
-------- ---------------- ------------------- ---------------
From Rio

PRODUCT_ID
--------------------------------------------------------------------------------
SALES_OUTLET_ID
--------------------------------------------------------------------------------
      WEEK	   ID SQUARE_FEET
---------- ---------- -----------
ADDRESS
--------------------------------------------------------------------------------
CITY
--------------------------------------------------------------------------------
PROVINCE
--------------------------------------------------------------------------------
TELEPHONE
--------------------------------------------------------------------------------
POSTAL_CODE  LONGITUDE	 LATITUDE SALES_OUTLET_TYPE_ID MANAGER_STAFF_ID
----------- ---------- ---------- -------------------- ----------------
	ID
----------
DESCRIPTION
--------------------------------------------------------------------------------
CURRENT_WHOLESALE_PRICE CURRENT_RETAIL_PRICE TAX_EXEMPT      PROMO NEW_PRODUCT
----------------------- -------------------- ---------- ---------- -----------
UNIT_OF_ PRODUCT_GROUP_ID PRODUCT_CATEGORY_ID PRODUCT_TYPE_ID
-------- ---------------- ------------------- ---------------
		  28.33 	       37.33	      0 	 1	     1

PRODUCT_ID
--------------------------------------------------------------------------------
SALES_OUTLET_ID
--------------------------------------------------------------------------------
      WEEK	   ID SQUARE_FEET
---------- ---------- -----------
ADDRESS
--------------------------------------------------------------------------------
CITY
--------------------------------------------------------------------------------
PROVINCE
--------------------------------------------------------------------------------
TELEPHONE
--------------------------------------------------------------------------------
POSTAL_CODE  LONGITUDE	 LATITUDE SALES_OUTLET_TYPE_ID MANAGER_STAFF_ID
----------- ---------- ---------- -------------------- ----------------
	ID
----------
DESCRIPTION
--------------------------------------------------------------------------------
CURRENT_WHOLESALE_PRICE CURRENT_RETAIL_PRICE TAX_EXEMPT      PROMO NEW_PRODUCT
----------------------- -------------------- ---------- ---------- -----------
UNIT_OF_ PRODUCT_GROUP_ID PRODUCT_CATEGORY_ID PRODUCT_TYPE_ID
-------- ---------------- ------------------- ---------------
1 lb			4		    4		   17

PRODUCT_ID
--------------------------------------------------------------------------------
SALES_OUTLET_ID
--------------------------------------------------------------------------------
      WEEK	   ID SQUARE_FEET
---------- ---------- -----------
ADDRESS
--------------------------------------------------------------------------------
CITY
--------------------------------------------------------------------------------
PROVINCE
--------------------------------------------------------------------------------
TELEPHONE
--------------------------------------------------------------------------------
POSTAL_CODE  LONGITUDE	 LATITUDE SALES_OUTLET_TYPE_ID MANAGER_STAFF_ID
----------- ---------- ---------- -------------------- ----------------
	ID
----------
DESCRIPTION
--------------------------------------------------------------------------------
CURRENT_WHOLESALE_PRICE CURRENT_RETAIL_PRICE TAX_EXEMPT      PROMO NEW_PRODUCT
----------------------- -------------------- ---------- ---------- -----------
UNIT_OF_ PRODUCT_GROUP_ID PRODUCT_CATEGORY_ID PRODUCT_TYPE_ID
-------- ---------------- ------------------- ---------------


PRODUCT_ID
--------------------------------------------------------------------------------
SALES_OUTLET_ID
--------------------------------------------------------------------------------
      WEEK	   ID SQUARE_FEET
---------- ---------- -----------
ADDRESS
--------------------------------------------------------------------------------
CITY
--------------------------------------------------------------------------------
PROVINCE
--------------------------------------------------------------------------------
TELEPHONE
--------------------------------------------------------------------------------
POSTAL_CODE  LONGITUDE	 LATITUDE SALES_OUTLET_TYPE_ID MANAGER_STAFF_ID
----------- ---------- ---------- -------------------- ----------------
	ID
----------
DESCRIPTION
--------------------------------------------------------------------------------
CURRENT_WHOLESALE_PRICE CURRENT_RETAIL_PRICE TAX_EXEMPT      PROMO NEW_PRODUCT
----------------------- -------------------- ---------- ---------- -----------
UNIT_OF_ PRODUCT_GROUP_ID PRODUCT_CATEGORY_ID PRODUCT_TYPE_ID
-------- ---------------- ------------------- ---------------
4299

PRODUCT_ID
--------------------------------------------------------------------------------
SALES_OUTLET_ID
--------------------------------------------------------------------------------
      WEEK	   ID SQUARE_FEET
---------- ---------- -----------
ADDRESS
--------------------------------------------------------------------------------
CITY
--------------------------------------------------------------------------------
PROVINCE
--------------------------------------------------------------------------------
TELEPHONE
--------------------------------------------------------------------------------
POSTAL_CODE  LONGITUDE	 LATITUDE SALES_OUTLET_TYPE_ID MANAGER_STAFF_ID
----------- ---------- ---------- -------------------- ----------------
	ID
----------
DESCRIPTION
--------------------------------------------------------------------------------
CURRENT_WHOLESALE_PRICE CURRENT_RETAIL_PRICE TAX_EXEMPT      PROMO NEW_PRODUCT
----------------------- -------------------- ---------- ---------- -----------
UNIT_OF_ PRODUCT_GROUP_ID PRODUCT_CATEGORY_ID PRODUCT_TYPE_ID
-------- ---------------- ------------------- ---------------
3

PRODUCT_ID
--------------------------------------------------------------------------------
SALES_OUTLET_ID
--------------------------------------------------------------------------------
      WEEK	   ID SQUARE_FEET
---------- ---------- -----------
ADDRESS
--------------------------------------------------------------------------------
CITY
--------------------------------------------------------------------------------
PROVINCE
--------------------------------------------------------------------------------
TELEPHONE
--------------------------------------------------------------------------------
POSTAL_CODE  LONGITUDE	 LATITUDE SALES_OUTLET_TYPE_ID MANAGER_STAFF_ID
----------- ---------- ---------- -------------------- ----------------
	ID
----------
DESCRIPTION
--------------------------------------------------------------------------------
CURRENT_WHOLESALE_PRICE CURRENT_RETAIL_PRICE TAX_EXEMPT      PROMO NEW_PRODUCT
----------------------- -------------------- ---------- ---------- -----------
UNIT_OF_ PRODUCT_GROUP_ID PRODUCT_CATEGORY_ID PRODUCT_TYPE_ID
-------- ---------------- ------------------- ---------------
	17	    3	     3957

PRODUCT_ID
--------------------------------------------------------------------------------
SALES_OUTLET_ID
--------------------------------------------------------------------------------
      WEEK	   ID SQUARE_FEET
---------- ---------- -----------
ADDRESS
--------------------------------------------------------------------------------
CITY
--------------------------------------------------------------------------------
PROVINCE
--------------------------------------------------------------------------------
TELEPHONE
--------------------------------------------------------------------------------
POSTAL_CODE  LONGITUDE	 LATITUDE SALES_OUTLET_TYPE_ID MANAGER_STAFF_ID
----------- ---------- ---------- -------------------- ----------------
	ID
----------
DESCRIPTION
--------------------------------------------------------------------------------
CURRENT_WHOLESALE_PRICE CURRENT_RETAIL_PRICE TAX_EXEMPT      PROMO NEW_PRODUCT
----------------------- -------------------- ---------- ---------- -----------
UNIT_OF_ PRODUCT_GROUP_ID PRODUCT_CATEGORY_ID PRODUCT_TYPE_ID
-------- ---------------- ------------------- ---------------
9 Bonner Avenue

PRODUCT_ID
--------------------------------------------------------------------------------
SALES_OUTLET_ID
--------------------------------------------------------------------------------
      WEEK	   ID SQUARE_FEET
---------- ---------- -----------
ADDRESS
--------------------------------------------------------------------------------
CITY
--------------------------------------------------------------------------------
PROVINCE
--------------------------------------------------------------------------------
TELEPHONE
--------------------------------------------------------------------------------
POSTAL_CODE  LONGITUDE	 LATITUDE SALES_OUTLET_TYPE_ID MANAGER_STAFF_ID
----------- ---------- ---------- -------------------- ----------------
	ID
----------
DESCRIPTION
--------------------------------------------------------------------------------
CURRENT_WHOLESALE_PRICE CURRENT_RETAIL_PRICE TAX_EXEMPT      PROMO NEW_PRODUCT
----------------------- -------------------- ---------- ---------- -----------
UNIT_OF_ PRODUCT_GROUP_ID PRODUCT_CATEGORY_ID PRODUCT_TYPE_ID
-------- ---------------- ------------------- ---------------
Atlanta

PRODUCT_ID
--------------------------------------------------------------------------------
SALES_OUTLET_ID
--------------------------------------------------------------------------------
      WEEK	   ID SQUARE_FEET
---------- ---------- -----------
ADDRESS
--------------------------------------------------------------------------------
CITY
--------------------------------------------------------------------------------
PROVINCE
--------------------------------------------------------------------------------
TELEPHONE
--------------------------------------------------------------------------------
POSTAL_CODE  LONGITUDE	 LATITUDE SALES_OUTLET_TYPE_ID MANAGER_STAFF_ID
----------- ---------- ---------- -------------------- ----------------
	ID
----------
DESCRIPTION
--------------------------------------------------------------------------------
CURRENT_WHOLESALE_PRICE CURRENT_RETAIL_PRICE TAX_EXEMPT      PROMO NEW_PRODUCT
----------------------- -------------------- ---------- ---------- -----------
UNIT_OF_ PRODUCT_GROUP_ID PRODUCT_CATEGORY_ID PRODUCT_TYPE_ID
-------- ---------------- ------------------- ---------------
GA

PRODUCT_ID
--------------------------------------------------------------------------------
SALES_OUTLET_ID
--------------------------------------------------------------------------------
      WEEK	   ID SQUARE_FEET
---------- ---------- -----------
ADDRESS
--------------------------------------------------------------------------------
CITY
--------------------------------------------------------------------------------
PROVINCE
--------------------------------------------------------------------------------
TELEPHONE
--------------------------------------------------------------------------------
POSTAL_CODE  LONGITUDE	 LATITUDE SALES_OUTLET_TYPE_ID MANAGER_STAFF_ID
----------- ---------- ---------- -------------------- ----------------
	ID
----------
DESCRIPTION
--------------------------------------------------------------------------------
CURRENT_WHOLESALE_PRICE CURRENT_RETAIL_PRICE TAX_EXEMPT      PROMO NEW_PRODUCT
----------------------- -------------------- ---------- ---------- -----------
UNIT_OF_ PRODUCT_GROUP_ID PRODUCT_CATEGORY_ID PRODUCT_TYPE_ID
-------- ---------------- ------------------- ---------------
404-376-1678

PRODUCT_ID
--------------------------------------------------------------------------------
SALES_OUTLET_ID
--------------------------------------------------------------------------------
      WEEK	   ID SQUARE_FEET
---------- ---------- -----------
ADDRESS
--------------------------------------------------------------------------------
CITY
--------------------------------------------------------------------------------
PROVINCE
--------------------------------------------------------------------------------
TELEPHONE
--------------------------------------------------------------------------------
POSTAL_CODE  LONGITUDE	 LATITUDE SALES_OUTLET_TYPE_ID MANAGER_STAFF_ID
----------- ---------- ---------- -------------------- ----------------
	ID
----------
DESCRIPTION
--------------------------------------------------------------------------------
CURRENT_WHOLESALE_PRICE CURRENT_RETAIL_PRICE TAX_EXEMPT      PROMO NEW_PRODUCT
----------------------- -------------------- ---------- ---------- -----------
UNIT_OF_ PRODUCT_GROUP_ID PRODUCT_CATEGORY_ID PRODUCT_TYPE_ID
-------- ---------------- ------------------- ---------------
      30392	-84.47	    33.84		     2		    277

PRODUCT_ID
--------------------------------------------------------------------------------
SALES_OUTLET_ID
--------------------------------------------------------------------------------
      WEEK	   ID SQUARE_FEET
---------- ---------- -----------
ADDRESS
--------------------------------------------------------------------------------
CITY
--------------------------------------------------------------------------------
PROVINCE
--------------------------------------------------------------------------------
TELEPHONE
--------------------------------------------------------------------------------
POSTAL_CODE  LONGITUDE	 LATITUDE SALES_OUTLET_TYPE_ID MANAGER_STAFF_ID
----------- ---------- ---------- -------------------- ----------------
	ID
----------
DESCRIPTION
--------------------------------------------------------------------------------
CURRENT_WHOLESALE_PRICE CURRENT_RETAIL_PRICE TAX_EXEMPT      PROMO NEW_PRODUCT
----------------------- -------------------- ---------- ---------- -----------
UNIT_OF_ PRODUCT_GROUP_ID PRODUCT_CATEGORY_ID PRODUCT_TYPE_ID
-------- ---------------- ------------------- ---------------
      4299

PRODUCT_ID
--------------------------------------------------------------------------------
SALES_OUTLET_ID
--------------------------------------------------------------------------------
      WEEK	   ID SQUARE_FEET
---------- ---------- -----------
ADDRESS
--------------------------------------------------------------------------------
CITY
--------------------------------------------------------------------------------
PROVINCE
--------------------------------------------------------------------------------
TELEPHONE
--------------------------------------------------------------------------------
POSTAL_CODE  LONGITUDE	 LATITUDE SALES_OUTLET_TYPE_ID MANAGER_STAFF_ID
----------- ---------- ---------- -------------------- ----------------
	ID
----------
DESCRIPTION
--------------------------------------------------------------------------------
CURRENT_WHOLESALE_PRICE CURRENT_RETAIL_PRICE TAX_EXEMPT      PROMO NEW_PRODUCT
----------------------- -------------------- ---------- ---------- -----------
UNIT_OF_ PRODUCT_GROUP_ID PRODUCT_CATEGORY_ID PRODUCT_TYPE_ID
-------- ---------------- ------------------- ---------------
Little bit of spice

PRODUCT_ID
--------------------------------------------------------------------------------
SALES_OUTLET_ID
--------------------------------------------------------------------------------
      WEEK	   ID SQUARE_FEET
---------- ---------- -----------
ADDRESS
--------------------------------------------------------------------------------
CITY
--------------------------------------------------------------------------------
PROVINCE
--------------------------------------------------------------------------------
TELEPHONE
--------------------------------------------------------------------------------
POSTAL_CODE  LONGITUDE	 LATITUDE SALES_OUTLET_TYPE_ID MANAGER_STAFF_ID
----------- ---------- ---------- -------------------- ----------------
	ID
----------
DESCRIPTION
--------------------------------------------------------------------------------
CURRENT_WHOLESALE_PRICE CURRENT_RETAIL_PRICE TAX_EXEMPT      PROMO NEW_PRODUCT
----------------------- -------------------- ---------- ---------- -----------
UNIT_OF_ PRODUCT_GROUP_ID PRODUCT_CATEGORY_ID PRODUCT_TYPE_ID
-------- ---------------- ------------------- ---------------
		  13.53 	       20.53	      0 	 1	     0

PRODUCT_ID
--------------------------------------------------------------------------------
SALES_OUTLET_ID
--------------------------------------------------------------------------------
      WEEK	   ID SQUARE_FEET
---------- ---------- -----------
ADDRESS
--------------------------------------------------------------------------------
CITY
--------------------------------------------------------------------------------
PROVINCE
--------------------------------------------------------------------------------
TELEPHONE
--------------------------------------------------------------------------------
POSTAL_CODE  LONGITUDE	 LATITUDE SALES_OUTLET_TYPE_ID MANAGER_STAFF_ID
----------- ---------- ---------- -------------------- ----------------
	ID
----------
DESCRIPTION
--------------------------------------------------------------------------------
CURRENT_WHOLESALE_PRICE CURRENT_RETAIL_PRICE TAX_EXEMPT      PROMO NEW_PRODUCT
----------------------- -------------------- ---------- ---------- -----------
UNIT_OF_ PRODUCT_GROUP_ID PRODUCT_CATEGORY_ID PRODUCT_TYPE_ID
-------- ---------------- ------------------- ---------------
1 lb			3		    2		    9

PRODUCT_ID
--------------------------------------------------------------------------------
SALES_OUTLET_ID
--------------------------------------------------------------------------------
      WEEK	   ID SQUARE_FEET
---------- ---------- -----------
ADDRESS
--------------------------------------------------------------------------------
CITY
--------------------------------------------------------------------------------
PROVINCE
--------------------------------------------------------------------------------
TELEPHONE
--------------------------------------------------------------------------------
POSTAL_CODE  LONGITUDE	 LATITUDE SALES_OUTLET_TYPE_ID MANAGER_STAFF_ID
----------- ---------- ---------- -------------------- ----------------
	ID
----------
DESCRIPTION
--------------------------------------------------------------------------------
CURRENT_WHOLESALE_PRICE CURRENT_RETAIL_PRICE TAX_EXEMPT      PROMO NEW_PRODUCT
----------------------- -------------------- ---------- ---------- -----------
UNIT_OF_ PRODUCT_GROUP_ID PRODUCT_CATEGORY_ID PRODUCT_TYPE_ID
-------- ---------------- ------------------- ---------------


PRODUCT_ID
--------------------------------------------------------------------------------
SALES_OUTLET_ID
--------------------------------------------------------------------------------
      WEEK	   ID SQUARE_FEET
---------- ---------- -----------
ADDRESS
--------------------------------------------------------------------------------
CITY
--------------------------------------------------------------------------------
PROVINCE
--------------------------------------------------------------------------------
TELEPHONE
--------------------------------------------------------------------------------
POSTAL_CODE  LONGITUDE	 LATITUDE SALES_OUTLET_TYPE_ID MANAGER_STAFF_ID
----------- ---------- ---------- -------------------- ----------------
	ID
----------
DESCRIPTION
--------------------------------------------------------------------------------
CURRENT_WHOLESALE_PRICE CURRENT_RETAIL_PRICE TAX_EXEMPT      PROMO NEW_PRODUCT
----------------------- -------------------- ---------- ---------- -----------
UNIT_OF_ PRODUCT_GROUP_ID PRODUCT_CATEGORY_ID PRODUCT_TYPE_ID
-------- ---------------- ------------------- ---------------
3024

PRODUCT_ID
--------------------------------------------------------------------------------
SALES_OUTLET_ID
--------------------------------------------------------------------------------
      WEEK	   ID SQUARE_FEET
---------- ---------- -----------
ADDRESS
--------------------------------------------------------------------------------
CITY
--------------------------------------------------------------------------------
PROVINCE
--------------------------------------------------------------------------------
TELEPHONE
--------------------------------------------------------------------------------
POSTAL_CODE  LONGITUDE	 LATITUDE SALES_OUTLET_TYPE_ID MANAGER_STAFF_ID
----------- ---------- ---------- -------------------- ----------------
	ID
----------
DESCRIPTION
--------------------------------------------------------------------------------
CURRENT_WHOLESALE_PRICE CURRENT_RETAIL_PRICE TAX_EXEMPT      PROMO NEW_PRODUCT
----------------------- -------------------- ---------- ---------- -----------
UNIT_OF_ PRODUCT_GROUP_ID PRODUCT_CATEGORY_ID PRODUCT_TYPE_ID
-------- ---------------- ------------------- ---------------
3

PRODUCT_ID
--------------------------------------------------------------------------------
SALES_OUTLET_ID
--------------------------------------------------------------------------------
      WEEK	   ID SQUARE_FEET
---------- ---------- -----------
ADDRESS
--------------------------------------------------------------------------------
CITY
--------------------------------------------------------------------------------
PROVINCE
--------------------------------------------------------------------------------
TELEPHONE
--------------------------------------------------------------------------------
POSTAL_CODE  LONGITUDE	 LATITUDE SALES_OUTLET_TYPE_ID MANAGER_STAFF_ID
----------- ---------- ---------- -------------------- ----------------
	ID
----------
DESCRIPTION
--------------------------------------------------------------------------------
CURRENT_WHOLESALE_PRICE CURRENT_RETAIL_PRICE TAX_EXEMPT      PROMO NEW_PRODUCT
----------------------- -------------------- ---------- ---------- -----------
UNIT_OF_ PRODUCT_GROUP_ID PRODUCT_CATEGORY_ID PRODUCT_TYPE_ID
-------- ---------------- ------------------- ---------------
	17	    3	     3957

PRODUCT_ID
--------------------------------------------------------------------------------
SALES_OUTLET_ID
--------------------------------------------------------------------------------
      WEEK	   ID SQUARE_FEET
---------- ---------- -----------
ADDRESS
--------------------------------------------------------------------------------
CITY
--------------------------------------------------------------------------------
PROVINCE
--------------------------------------------------------------------------------
TELEPHONE
--------------------------------------------------------------------------------
POSTAL_CODE  LONGITUDE	 LATITUDE SALES_OUTLET_TYPE_ID MANAGER_STAFF_ID
----------- ---------- ---------- -------------------- ----------------
	ID
----------
DESCRIPTION
--------------------------------------------------------------------------------
CURRENT_WHOLESALE_PRICE CURRENT_RETAIL_PRICE TAX_EXEMPT      PROMO NEW_PRODUCT
----------------------- -------------------- ---------- ---------- -----------
UNIT_OF_ PRODUCT_GROUP_ID PRODUCT_CATEGORY_ID PRODUCT_TYPE_ID
-------- ---------------- ------------------- ---------------
9 Bonner Avenue

PRODUCT_ID
--------------------------------------------------------------------------------
SALES_OUTLET_ID
--------------------------------------------------------------------------------
      WEEK	   ID SQUARE_FEET
---------- ---------- -----------
ADDRESS
--------------------------------------------------------------------------------
CITY
--------------------------------------------------------------------------------
PROVINCE
--------------------------------------------------------------------------------
TELEPHONE
--------------------------------------------------------------------------------
POSTAL_CODE  LONGITUDE	 LATITUDE SALES_OUTLET_TYPE_ID MANAGER_STAFF_ID
----------- ---------- ---------- -------------------- ----------------
	ID
----------
DESCRIPTION
--------------------------------------------------------------------------------
CURRENT_WHOLESALE_PRICE CURRENT_RETAIL_PRICE TAX_EXEMPT      PROMO NEW_PRODUCT
----------------------- -------------------- ---------- ---------- -----------
UNIT_OF_ PRODUCT_GROUP_ID PRODUCT_CATEGORY_ID PRODUCT_TYPE_ID
-------- ---------------- ------------------- ---------------
Atlanta

PRODUCT_ID
--------------------------------------------------------------------------------
SALES_OUTLET_ID
--------------------------------------------------------------------------------
      WEEK	   ID SQUARE_FEET
---------- ---------- -----------
ADDRESS
--------------------------------------------------------------------------------
CITY
--------------------------------------------------------------------------------
PROVINCE
--------------------------------------------------------------------------------
TELEPHONE
--------------------------------------------------------------------------------
POSTAL_CODE  LONGITUDE	 LATITUDE SALES_OUTLET_TYPE_ID MANAGER_STAFF_ID
----------- ---------- ---------- -------------------- ----------------
	ID
----------
DESCRIPTION
--------------------------------------------------------------------------------
CURRENT_WHOLESALE_PRICE CURRENT_RETAIL_PRICE TAX_EXEMPT      PROMO NEW_PRODUCT
----------------------- -------------------- ---------- ---------- -----------
UNIT_OF_ PRODUCT_GROUP_ID PRODUCT_CATEGORY_ID PRODUCT_TYPE_ID
-------- ---------------- ------------------- ---------------
GA

PRODUCT_ID
--------------------------------------------------------------------------------
SALES_OUTLET_ID
--------------------------------------------------------------------------------
      WEEK	   ID SQUARE_FEET
---------- ---------- -----------
ADDRESS
--------------------------------------------------------------------------------
CITY
--------------------------------------------------------------------------------
PROVINCE
--------------------------------------------------------------------------------
TELEPHONE
--------------------------------------------------------------------------------
POSTAL_CODE  LONGITUDE	 LATITUDE SALES_OUTLET_TYPE_ID MANAGER_STAFF_ID
----------- ---------- ---------- -------------------- ----------------
	ID
----------
DESCRIPTION
--------------------------------------------------------------------------------
CURRENT_WHOLESALE_PRICE CURRENT_RETAIL_PRICE TAX_EXEMPT      PROMO NEW_PRODUCT
----------------------- -------------------- ---------- ---------- -----------
UNIT_OF_ PRODUCT_GROUP_ID PRODUCT_CATEGORY_ID PRODUCT_TYPE_ID
-------- ---------------- ------------------- ---------------
404-376-1678

PRODUCT_ID
--------------------------------------------------------------------------------
SALES_OUTLET_ID
--------------------------------------------------------------------------------
      WEEK	   ID SQUARE_FEET
---------- ---------- -----------
ADDRESS
--------------------------------------------------------------------------------
CITY
--------------------------------------------------------------------------------
PROVINCE
--------------------------------------------------------------------------------
TELEPHONE
--------------------------------------------------------------------------------
POSTAL_CODE  LONGITUDE	 LATITUDE SALES_OUTLET_TYPE_ID MANAGER_STAFF_ID
----------- ---------- ---------- -------------------- ----------------
	ID
----------
DESCRIPTION
--------------------------------------------------------------------------------
CURRENT_WHOLESALE_PRICE CURRENT_RETAIL_PRICE TAX_EXEMPT      PROMO NEW_PRODUCT
----------------------- -------------------- ---------- ---------- -----------
UNIT_OF_ PRODUCT_GROUP_ID PRODUCT_CATEGORY_ID PRODUCT_TYPE_ID
-------- ---------------- ------------------- ---------------
      30392	-84.47	    33.84		     2		    277

PRODUCT_ID
--------------------------------------------------------------------------------
SALES_OUTLET_ID
--------------------------------------------------------------------------------
      WEEK	   ID SQUARE_FEET
---------- ---------- -----------
ADDRESS
--------------------------------------------------------------------------------
CITY
--------------------------------------------------------------------------------
PROVINCE
--------------------------------------------------------------------------------
TELEPHONE
--------------------------------------------------------------------------------
POSTAL_CODE  LONGITUDE	 LATITUDE SALES_OUTLET_TYPE_ID MANAGER_STAFF_ID
----------- ---------- ---------- -------------------- ----------------
	ID
----------
DESCRIPTION
--------------------------------------------------------------------------------
CURRENT_WHOLESALE_PRICE CURRENT_RETAIL_PRICE TAX_EXEMPT      PROMO NEW_PRODUCT
----------------------- -------------------- ---------- ---------- -----------
UNIT_OF_ PRODUCT_GROUP_ID PRODUCT_CATEGORY_ID PRODUCT_TYPE_ID
-------- ---------------- ------------------- ---------------
      3024

PRODUCT_ID
--------------------------------------------------------------------------------
SALES_OUTLET_ID
--------------------------------------------------------------------------------
      WEEK	   ID SQUARE_FEET
---------- ---------- -----------
ADDRESS
--------------------------------------------------------------------------------
CITY
--------------------------------------------------------------------------------
PROVINCE
--------------------------------------------------------------------------------
TELEPHONE
--------------------------------------------------------------------------------
POSTAL_CODE  LONGITUDE	 LATITUDE SALES_OUTLET_TYPE_ID MANAGER_STAFF_ID
----------- ---------- ---------- -------------------- ----------------
	ID
----------
DESCRIPTION
--------------------------------------------------------------------------------
CURRENT_WHOLESALE_PRICE CURRENT_RETAIL_PRICE TAX_EXEMPT      PROMO NEW_PRODUCT
----------------------- -------------------- ---------- ---------- -----------
UNIT_OF_ PRODUCT_GROUP_ID PRODUCT_CATEGORY_ID PRODUCT_TYPE_ID
-------- ---------------- ------------------- ---------------
Flakey and buttery

PRODUCT_ID
--------------------------------------------------------------------------------
SALES_OUTLET_ID
--------------------------------------------------------------------------------
      WEEK	   ID SQUARE_FEET
---------- ---------- -----------
ADDRESS
--------------------------------------------------------------------------------
CITY
--------------------------------------------------------------------------------
PROVINCE
--------------------------------------------------------------------------------
TELEPHONE
--------------------------------------------------------------------------------
POSTAL_CODE  LONGITUDE	 LATITUDE SALES_OUTLET_TYPE_ID MANAGER_STAFF_ID
----------- ---------- ---------- -------------------- ----------------
	ID
----------
DESCRIPTION
--------------------------------------------------------------------------------
CURRENT_WHOLESALE_PRICE CURRENT_RETAIL_PRICE TAX_EXEMPT      PROMO NEW_PRODUCT
----------------------- -------------------- ---------- ---------- -----------
UNIT_OF_ PRODUCT_GROUP_ID PRODUCT_CATEGORY_ID PRODUCT_TYPE_ID
-------- ---------------- ------------------- ---------------
		  24.88 	       34.88	      0 	 1	     1

PRODUCT_ID
--------------------------------------------------------------------------------
SALES_OUTLET_ID
--------------------------------------------------------------------------------
      WEEK	   ID SQUARE_FEET
---------- ---------- -----------
ADDRESS
--------------------------------------------------------------------------------
CITY
--------------------------------------------------------------------------------
PROVINCE
--------------------------------------------------------------------------------
TELEPHONE
--------------------------------------------------------------------------------
POSTAL_CODE  LONGITUDE	 LATITUDE SALES_OUTLET_TYPE_ID MANAGER_STAFF_ID
----------- ---------- ---------- -------------------- ----------------
	ID
----------
DESCRIPTION
--------------------------------------------------------------------------------
CURRENT_WHOLESALE_PRICE CURRENT_RETAIL_PRICE TAX_EXEMPT      PROMO NEW_PRODUCT
----------------------- -------------------- ---------- ---------- -----------
UNIT_OF_ PRODUCT_GROUP_ID PRODUCT_CATEGORY_ID PRODUCT_TYPE_ID
-------- ---------------- ------------------- ---------------
16 oz			2		    8		   10

PRODUCT_ID
--------------------------------------------------------------------------------
SALES_OUTLET_ID
--------------------------------------------------------------------------------
      WEEK	   ID SQUARE_FEET
---------- ---------- -----------
ADDRESS
--------------------------------------------------------------------------------
CITY
--------------------------------------------------------------------------------
PROVINCE
--------------------------------------------------------------------------------
TELEPHONE
--------------------------------------------------------------------------------
POSTAL_CODE  LONGITUDE	 LATITUDE SALES_OUTLET_TYPE_ID MANAGER_STAFF_ID
----------- ---------- ---------- -------------------- ----------------
	ID
----------
DESCRIPTION
--------------------------------------------------------------------------------
CURRENT_WHOLESALE_PRICE CURRENT_RETAIL_PRICE TAX_EXEMPT      PROMO NEW_PRODUCT
----------------------- -------------------- ---------- ---------- -----------
UNIT_OF_ PRODUCT_GROUP_ID PRODUCT_CATEGORY_ID PRODUCT_TYPE_ID
-------- ---------------- ------------------- ---------------


PRODUCT_ID
--------------------------------------------------------------------------------
SALES_OUTLET_ID
--------------------------------------------------------------------------------
      WEEK	   ID SQUARE_FEET
---------- ---------- -----------
ADDRESS
--------------------------------------------------------------------------------
CITY
--------------------------------------------------------------------------------
PROVINCE
--------------------------------------------------------------------------------
TELEPHONE
--------------------------------------------------------------------------------
POSTAL_CODE  LONGITUDE	 LATITUDE SALES_OUTLET_TYPE_ID MANAGER_STAFF_ID
----------- ---------- ---------- -------------------- ----------------
	ID
----------
DESCRIPTION
--------------------------------------------------------------------------------
CURRENT_WHOLESALE_PRICE CURRENT_RETAIL_PRICE TAX_EXEMPT      PROMO NEW_PRODUCT
----------------------- -------------------- ---------- ---------- -----------
UNIT_OF_ PRODUCT_GROUP_ID PRODUCT_CATEGORY_ID PRODUCT_TYPE_ID
-------- ---------------- ------------------- ---------------
3645

PRODUCT_ID
--------------------------------------------------------------------------------
SALES_OUTLET_ID
--------------------------------------------------------------------------------
      WEEK	   ID SQUARE_FEET
---------- ---------- -----------
ADDRESS
--------------------------------------------------------------------------------
CITY
--------------------------------------------------------------------------------
PROVINCE
--------------------------------------------------------------------------------
TELEPHONE
--------------------------------------------------------------------------------
POSTAL_CODE  LONGITUDE	 LATITUDE SALES_OUTLET_TYPE_ID MANAGER_STAFF_ID
----------- ---------- ---------- -------------------- ----------------
	ID
----------
DESCRIPTION
--------------------------------------------------------------------------------
CURRENT_WHOLESALE_PRICE CURRENT_RETAIL_PRICE TAX_EXEMPT      PROMO NEW_PRODUCT
----------------------- -------------------- ---------- ---------- -----------
UNIT_OF_ PRODUCT_GROUP_ID PRODUCT_CATEGORY_ID PRODUCT_TYPE_ID
-------- ---------------- ------------------- ---------------
3

PRODUCT_ID
--------------------------------------------------------------------------------
SALES_OUTLET_ID
--------------------------------------------------------------------------------
      WEEK	   ID SQUARE_FEET
---------- ---------- -----------
ADDRESS
--------------------------------------------------------------------------------
CITY
--------------------------------------------------------------------------------
PROVINCE
--------------------------------------------------------------------------------
TELEPHONE
--------------------------------------------------------------------------------
POSTAL_CODE  LONGITUDE	 LATITUDE SALES_OUTLET_TYPE_ID MANAGER_STAFF_ID
----------- ---------- ---------- -------------------- ----------------
	ID
----------
DESCRIPTION
--------------------------------------------------------------------------------
CURRENT_WHOLESALE_PRICE CURRENT_RETAIL_PRICE TAX_EXEMPT      PROMO NEW_PRODUCT
----------------------- -------------------- ---------- ---------- -----------
UNIT_OF_ PRODUCT_GROUP_ID PRODUCT_CATEGORY_ID PRODUCT_TYPE_ID
-------- ---------------- ------------------- ---------------
	17	    3	     3957

PRODUCT_ID
--------------------------------------------------------------------------------
SALES_OUTLET_ID
--------------------------------------------------------------------------------
      WEEK	   ID SQUARE_FEET
---------- ---------- -----------
ADDRESS
--------------------------------------------------------------------------------
CITY
--------------------------------------------------------------------------------
PROVINCE
--------------------------------------------------------------------------------
TELEPHONE
--------------------------------------------------------------------------------
POSTAL_CODE  LONGITUDE	 LATITUDE SALES_OUTLET_TYPE_ID MANAGER_STAFF_ID
----------- ---------- ---------- -------------------- ----------------
	ID
----------
DESCRIPTION
--------------------------------------------------------------------------------
CURRENT_WHOLESALE_PRICE CURRENT_RETAIL_PRICE TAX_EXEMPT      PROMO NEW_PRODUCT
----------------------- -------------------- ---------- ---------- -----------
UNIT_OF_ PRODUCT_GROUP_ID PRODUCT_CATEGORY_ID PRODUCT_TYPE_ID
-------- ---------------- ------------------- ---------------
9 Bonner Avenue

PRODUCT_ID
--------------------------------------------------------------------------------
SALES_OUTLET_ID
--------------------------------------------------------------------------------
      WEEK	   ID SQUARE_FEET
---------- ---------- -----------
ADDRESS
--------------------------------------------------------------------------------
CITY
--------------------------------------------------------------------------------
PROVINCE
--------------------------------------------------------------------------------
TELEPHONE
--------------------------------------------------------------------------------
POSTAL_CODE  LONGITUDE	 LATITUDE SALES_OUTLET_TYPE_ID MANAGER_STAFF_ID
----------- ---------- ---------- -------------------- ----------------
	ID
----------
DESCRIPTION
--------------------------------------------------------------------------------
CURRENT_WHOLESALE_PRICE CURRENT_RETAIL_PRICE TAX_EXEMPT      PROMO NEW_PRODUCT
----------------------- -------------------- ---------- ---------- -----------
UNIT_OF_ PRODUCT_GROUP_ID PRODUCT_CATEGORY_ID PRODUCT_TYPE_ID
-------- ---------------- ------------------- ---------------
Atlanta

PRODUCT_ID
--------------------------------------------------------------------------------
SALES_OUTLET_ID
--------------------------------------------------------------------------------
      WEEK	   ID SQUARE_FEET
---------- ---------- -----------
ADDRESS
--------------------------------------------------------------------------------
CITY
--------------------------------------------------------------------------------
PROVINCE
--------------------------------------------------------------------------------
TELEPHONE
--------------------------------------------------------------------------------
POSTAL_CODE  LONGITUDE	 LATITUDE SALES_OUTLET_TYPE_ID MANAGER_STAFF_ID
----------- ---------- ---------- -------------------- ----------------
	ID
----------
DESCRIPTION
--------------------------------------------------------------------------------
CURRENT_WHOLESALE_PRICE CURRENT_RETAIL_PRICE TAX_EXEMPT      PROMO NEW_PRODUCT
----------------------- -------------------- ---------- ---------- -----------
UNIT_OF_ PRODUCT_GROUP_ID PRODUCT_CATEGORY_ID PRODUCT_TYPE_ID
-------- ---------------- ------------------- ---------------
GA

PRODUCT_ID
--------------------------------------------------------------------------------
SALES_OUTLET_ID
--------------------------------------------------------------------------------
      WEEK	   ID SQUARE_FEET
---------- ---------- -----------
ADDRESS
--------------------------------------------------------------------------------
CITY
--------------------------------------------------------------------------------
PROVINCE
--------------------------------------------------------------------------------
TELEPHONE
--------------------------------------------------------------------------------
POSTAL_CODE  LONGITUDE	 LATITUDE SALES_OUTLET_TYPE_ID MANAGER_STAFF_ID
----------- ---------- ---------- -------------------- ----------------
	ID
----------
DESCRIPTION
--------------------------------------------------------------------------------
CURRENT_WHOLESALE_PRICE CURRENT_RETAIL_PRICE TAX_EXEMPT      PROMO NEW_PRODUCT
----------------------- -------------------- ---------- ---------- -----------
UNIT_OF_ PRODUCT_GROUP_ID PRODUCT_CATEGORY_ID PRODUCT_TYPE_ID
-------- ---------------- ------------------- ---------------
404-376-1678

PRODUCT_ID
--------------------------------------------------------------------------------
SALES_OUTLET_ID
--------------------------------------------------------------------------------
      WEEK	   ID SQUARE_FEET
---------- ---------- -----------
ADDRESS
--------------------------------------------------------------------------------
CITY
--------------------------------------------------------------------------------
PROVINCE
--------------------------------------------------------------------------------
TELEPHONE
--------------------------------------------------------------------------------
POSTAL_CODE  LONGITUDE	 LATITUDE SALES_OUTLET_TYPE_ID MANAGER_STAFF_ID
----------- ---------- ---------- -------------------- ----------------
	ID
----------
DESCRIPTION
--------------------------------------------------------------------------------
CURRENT_WHOLESALE_PRICE CURRENT_RETAIL_PRICE TAX_EXEMPT      PROMO NEW_PRODUCT
----------------------- -------------------- ---------- ---------- -----------
UNIT_OF_ PRODUCT_GROUP_ID PRODUCT_CATEGORY_ID PRODUCT_TYPE_ID
-------- ---------------- ------------------- ---------------
      30392	-84.47	    33.84		     2		    277

PRODUCT_ID
--------------------------------------------------------------------------------
SALES_OUTLET_ID
--------------------------------------------------------------------------------
      WEEK	   ID SQUARE_FEET
---------- ---------- -----------
ADDRESS
--------------------------------------------------------------------------------
CITY
--------------------------------------------------------------------------------
PROVINCE
--------------------------------------------------------------------------------
TELEPHONE
--------------------------------------------------------------------------------
POSTAL_CODE  LONGITUDE	 LATITUDE SALES_OUTLET_TYPE_ID MANAGER_STAFF_ID
----------- ---------- ---------- -------------------- ----------------
	ID
----------
DESCRIPTION
--------------------------------------------------------------------------------
CURRENT_WHOLESALE_PRICE CURRENT_RETAIL_PRICE TAX_EXEMPT      PROMO NEW_PRODUCT
----------------------- -------------------- ---------- ---------- -----------
UNIT_OF_ PRODUCT_GROUP_ID PRODUCT_CATEGORY_ID PRODUCT_TYPE_ID
-------- ---------------- ------------------- ---------------
      3645

PRODUCT_ID
--------------------------------------------------------------------------------
SALES_OUTLET_ID
--------------------------------------------------------------------------------
      WEEK	   ID SQUARE_FEET
---------- ---------- -----------
ADDRESS
--------------------------------------------------------------------------------
CITY
--------------------------------------------------------------------------------
PROVINCE
--------------------------------------------------------------------------------
TELEPHONE
--------------------------------------------------------------------------------
POSTAL_CODE  LONGITUDE	 LATITUDE SALES_OUTLET_TYPE_ID MANAGER_STAFF_ID
----------- ---------- ---------- -------------------- ----------------
	ID
----------
DESCRIPTION
--------------------------------------------------------------------------------
CURRENT_WHOLESALE_PRICE CURRENT_RETAIL_PRICE TAX_EXEMPT      PROMO NEW_PRODUCT
----------------------- -------------------- ---------- ---------- -----------
UNIT_OF_ PRODUCT_GROUP_ID PRODUCT_CATEGORY_ID PRODUCT_TYPE_ID
-------- ---------------- ------------------- ---------------
Flakey and buttery

PRODUCT_ID
--------------------------------------------------------------------------------
SALES_OUTLET_ID
--------------------------------------------------------------------------------
      WEEK	   ID SQUARE_FEET
---------- ---------- -----------
ADDRESS
--------------------------------------------------------------------------------
CITY
--------------------------------------------------------------------------------
PROVINCE
--------------------------------------------------------------------------------
TELEPHONE
--------------------------------------------------------------------------------
POSTAL_CODE  LONGITUDE	 LATITUDE SALES_OUTLET_TYPE_ID MANAGER_STAFF_ID
----------- ---------- ---------- -------------------- ----------------
	ID
----------
DESCRIPTION
--------------------------------------------------------------------------------
CURRENT_WHOLESALE_PRICE CURRENT_RETAIL_PRICE TAX_EXEMPT      PROMO NEW_PRODUCT
----------------------- -------------------- ---------- ---------- -----------
UNIT_OF_ PRODUCT_GROUP_ID PRODUCT_CATEGORY_ID PRODUCT_TYPE_ID
-------- ---------------- ------------------- ---------------
		  10.57 	       17.57	      0 	 1	     1

PRODUCT_ID
--------------------------------------------------------------------------------
SALES_OUTLET_ID
--------------------------------------------------------------------------------
      WEEK	   ID SQUARE_FEET
---------- ---------- -----------
ADDRESS
--------------------------------------------------------------------------------
CITY
--------------------------------------------------------------------------------
PROVINCE
--------------------------------------------------------------------------------
TELEPHONE
--------------------------------------------------------------------------------
POSTAL_CODE  LONGITUDE	 LATITUDE SALES_OUTLET_TYPE_ID MANAGER_STAFF_ID
----------- ---------- ---------- -------------------- ----------------
	ID
----------
DESCRIPTION
--------------------------------------------------------------------------------
CURRENT_WHOLESALE_PRICE CURRENT_RETAIL_PRICE TAX_EXEMPT      PROMO NEW_PRODUCT
----------------------- -------------------- ---------- ---------- -----------
UNIT_OF_ PRODUCT_GROUP_ID PRODUCT_CATEGORY_ID PRODUCT_TYPE_ID
-------- ---------------- ------------------- ---------------
24 oz			1		    4		   12

PRODUCT_ID
--------------------------------------------------------------------------------
SALES_OUTLET_ID
--------------------------------------------------------------------------------
      WEEK	   ID SQUARE_FEET
---------- ---------- -----------
ADDRESS
--------------------------------------------------------------------------------
CITY
--------------------------------------------------------------------------------
PROVINCE
--------------------------------------------------------------------------------
TELEPHONE
--------------------------------------------------------------------------------
POSTAL_CODE  LONGITUDE	 LATITUDE SALES_OUTLET_TYPE_ID MANAGER_STAFF_ID
----------- ---------- ---------- -------------------- ----------------
	ID
----------
DESCRIPTION
--------------------------------------------------------------------------------
CURRENT_WHOLESALE_PRICE CURRENT_RETAIL_PRICE TAX_EXEMPT      PROMO NEW_PRODUCT
----------------------- -------------------- ---------- ---------- -----------
UNIT_OF_ PRODUCT_GROUP_ID PRODUCT_CATEGORY_ID PRODUCT_TYPE_ID
-------- ---------------- ------------------- ---------------


timing for: xml_timing
Elapsed: 00:00:11.99
