
NVL(WITH_PROMO.CATEGORY,WITHOUT_PROMO.CATEGORY)
--------------------------------------------------------------------------------
WITH_PROMO WITHOUT_PROMO
---------- -------------
Bakery
    173.35	23477.78

Branded
     186.5	25429.96

Coffee
    208.25	26619.38


NVL(WITH_PROMO.CATEGORY,WITHOUT_PROMO.CATEGORY)
--------------------------------------------------------------------------------
WITH_PROMO WITHOUT_PROMO
---------- -------------
Coffee beans
    134.55	26219.94

Drinking Chocolate
     185.7	25990.75

Flavours
     210.4	26503.93


NVL(WITH_PROMO.CATEGORY,WITHOUT_PROMO.CATEGORY)
--------------------------------------------------------------------------------
WITH_PROMO WITHOUT_PROMO
---------- -------------
Loose Tea
    226.55	28137.55

Packaged Chocolate
    169.35	25354.82

Tea
    142.85	24839.94


9 rows selected.

timing for: no_xml_timing
Elapsed: 00:00:00.02
