
	ID
----------
FIRST_NAME
--------------------------------------------------------------------------------
LAST_NAME
--------------------------------------------------------------------------------
NAME
--------------------------------------------------------------------------------
     SALES STAT
---------- ----
	26
Happy
Ballance

	ID
----------
FIRST_NAME
--------------------------------------------------------------------------------
LAST_NAME
--------------------------------------------------------------------------------
NAME
--------------------------------------------------------------------------------
     SALES STAT
---------- ----
CEO
	 3 BAD


	ID
----------
FIRST_NAME
--------------------------------------------------------------------------------
LAST_NAME
--------------------------------------------------------------------------------
NAME
--------------------------------------------------------------------------------
     SALES STAT
---------- ----
	34
Selia
Crowden

	ID
----------
FIRST_NAME
--------------------------------------------------------------------------------
LAST_NAME
--------------------------------------------------------------------------------
NAME
--------------------------------------------------------------------------------
     SALES STAT
---------- ----
Coffee Wrangler
	20 GOOD


	ID
----------
FIRST_NAME
--------------------------------------------------------------------------------
LAST_NAME
--------------------------------------------------------------------------------
NAME
--------------------------------------------------------------------------------
     SALES STAT
---------- ----
	56
Berty
Collough

	ID
----------
FIRST_NAME
--------------------------------------------------------------------------------
LAST_NAME
--------------------------------------------------------------------------------
NAME
--------------------------------------------------------------------------------
     SALES STAT
---------- ----
Store Manager
	18 GOOD


	ID
----------
FIRST_NAME
--------------------------------------------------------------------------------
LAST_NAME
--------------------------------------------------------------------------------
NAME
--------------------------------------------------------------------------------
     SALES STAT
---------- ----
       111
Benn
Colgan

	ID
----------
FIRST_NAME
--------------------------------------------------------------------------------
LAST_NAME
--------------------------------------------------------------------------------
NAME
--------------------------------------------------------------------------------
     SALES STAT
---------- ----
Coffee Wrangler
	19 GOOD


	ID
----------
FIRST_NAME
--------------------------------------------------------------------------------
LAST_NAME
--------------------------------------------------------------------------------
NAME
--------------------------------------------------------------------------------
     SALES STAT
---------- ----
       151
Happy
Hebron

	ID
----------
FIRST_NAME
--------------------------------------------------------------------------------
LAST_NAME
--------------------------------------------------------------------------------
NAME
--------------------------------------------------------------------------------
     SALES STAT
---------- ----
Coffee Wrangler
	18 GOOD


	ID
----------
FIRST_NAME
--------------------------------------------------------------------------------
LAST_NAME
--------------------------------------------------------------------------------
NAME
--------------------------------------------------------------------------------
     SALES STAT
---------- ----
       194
Merell
Grimditch

	ID
----------
FIRST_NAME
--------------------------------------------------------------------------------
LAST_NAME
--------------------------------------------------------------------------------
NAME
--------------------------------------------------------------------------------
     SALES STAT
---------- ----
CFO
	 4 BAD


	ID
----------
FIRST_NAME
--------------------------------------------------------------------------------
LAST_NAME
--------------------------------------------------------------------------------
NAME
--------------------------------------------------------------------------------
     SALES STAT
---------- ----
       288
Theo
Cloute

	ID
----------
FIRST_NAME
--------------------------------------------------------------------------------
LAST_NAME
--------------------------------------------------------------------------------
NAME
--------------------------------------------------------------------------------
     SALES STAT
---------- ----
Coffee Wrangler
	 4 BAD


	ID
----------
FIRST_NAME
--------------------------------------------------------------------------------
LAST_NAME
--------------------------------------------------------------------------------
NAME
--------------------------------------------------------------------------------
     SALES STAT
---------- ----
       330
Avictor
Varnham

	ID
----------
FIRST_NAME
--------------------------------------------------------------------------------
LAST_NAME
--------------------------------------------------------------------------------
NAME
--------------------------------------------------------------------------------
     SALES STAT
---------- ----
CEO
	 4 BAD


	ID
----------
FIRST_NAME
--------------------------------------------------------------------------------
LAST_NAME
--------------------------------------------------------------------------------
NAME
--------------------------------------------------------------------------------
     SALES STAT
---------- ----
       377
Niall
Fransman

	ID
----------
FIRST_NAME
--------------------------------------------------------------------------------
LAST_NAME
--------------------------------------------------------------------------------
NAME
--------------------------------------------------------------------------------
     SALES STAT
---------- ----
Coffee Wrangler
	 4 BAD


	ID
----------
FIRST_NAME
--------------------------------------------------------------------------------
LAST_NAME
--------------------------------------------------------------------------------
NAME
--------------------------------------------------------------------------------
     SALES STAT
---------- ----
       384
Wayne
Rohan

	ID
----------
FIRST_NAME
--------------------------------------------------------------------------------
LAST_NAME
--------------------------------------------------------------------------------
NAME
--------------------------------------------------------------------------------
     SALES STAT
---------- ----
Coffee Wrangler
	 4 BAD


	ID
----------
FIRST_NAME
--------------------------------------------------------------------------------
LAST_NAME
--------------------------------------------------------------------------------
NAME
--------------------------------------------------------------------------------
     SALES STAT
---------- ----
       392
Madel
Breslauer

	ID
----------
FIRST_NAME
--------------------------------------------------------------------------------
LAST_NAME
--------------------------------------------------------------------------------
NAME
--------------------------------------------------------------------------------
     SALES STAT
---------- ----
Coffee Wrangler
	21 GOOD


	ID
----------
FIRST_NAME
--------------------------------------------------------------------------------
LAST_NAME
--------------------------------------------------------------------------------
NAME
--------------------------------------------------------------------------------
     SALES STAT
---------- ----
       524
Erich
Halse

	ID
----------
FIRST_NAME
--------------------------------------------------------------------------------
LAST_NAME
--------------------------------------------------------------------------------
NAME
--------------------------------------------------------------------------------
     SALES STAT
---------- ----
Store Manager
	18 GOOD


	ID
----------
FIRST_NAME
--------------------------------------------------------------------------------
LAST_NAME
--------------------------------------------------------------------------------
NAME
--------------------------------------------------------------------------------
     SALES STAT
---------- ----
       552
Marigold
Boocock

	ID
----------
FIRST_NAME
--------------------------------------------------------------------------------
LAST_NAME
--------------------------------------------------------------------------------
NAME
--------------------------------------------------------------------------------
     SALES STAT
---------- ----
Coffee Wrangler
	18 GOOD


	ID
----------
FIRST_NAME
--------------------------------------------------------------------------------
LAST_NAME
--------------------------------------------------------------------------------
NAME
--------------------------------------------------------------------------------
     SALES STAT
---------- ----
       632
Coleen
Lush

	ID
----------
FIRST_NAME
--------------------------------------------------------------------------------
LAST_NAME
--------------------------------------------------------------------------------
NAME
--------------------------------------------------------------------------------
     SALES STAT
---------- ----
Coffee Wrangler
	19 GOOD


	ID
----------
FIRST_NAME
--------------------------------------------------------------------------------
LAST_NAME
--------------------------------------------------------------------------------
NAME
--------------------------------------------------------------------------------
     SALES STAT
---------- ----
       661
Edouard
Lanceley

	ID
----------
FIRST_NAME
--------------------------------------------------------------------------------
LAST_NAME
--------------------------------------------------------------------------------
NAME
--------------------------------------------------------------------------------
     SALES STAT
---------- ----
Coffee Wrangler
	18 GOOD


	ID
----------
FIRST_NAME
--------------------------------------------------------------------------------
LAST_NAME
--------------------------------------------------------------------------------
NAME
--------------------------------------------------------------------------------
     SALES STAT
---------- ----
       675
Giff
Brockman

	ID
----------
FIRST_NAME
--------------------------------------------------------------------------------
LAST_NAME
--------------------------------------------------------------------------------
NAME
--------------------------------------------------------------------------------
     SALES STAT
---------- ----
Store Manager
	 2 BAD


	ID
----------
FIRST_NAME
--------------------------------------------------------------------------------
LAST_NAME
--------------------------------------------------------------------------------
NAME
--------------------------------------------------------------------------------
     SALES STAT
---------- ----
       687
Erda
Stoppe

	ID
----------
FIRST_NAME
--------------------------------------------------------------------------------
LAST_NAME
--------------------------------------------------------------------------------
NAME
--------------------------------------------------------------------------------
     SALES STAT
---------- ----
Store Manager
	19 GOOD


	ID
----------
FIRST_NAME
--------------------------------------------------------------------------------
LAST_NAME
--------------------------------------------------------------------------------
NAME
--------------------------------------------------------------------------------
     SALES STAT
---------- ----
       751
Claudie
Stellino

	ID
----------
FIRST_NAME
--------------------------------------------------------------------------------
LAST_NAME
--------------------------------------------------------------------------------
NAME
--------------------------------------------------------------------------------
     SALES STAT
---------- ----
Store Manager
	18 GOOD


	ID
----------
FIRST_NAME
--------------------------------------------------------------------------------
LAST_NAME
--------------------------------------------------------------------------------
NAME
--------------------------------------------------------------------------------
     SALES STAT
---------- ----
       775
Livvy
Alabone

	ID
----------
FIRST_NAME
--------------------------------------------------------------------------------
LAST_NAME
--------------------------------------------------------------------------------
NAME
--------------------------------------------------------------------------------
     SALES STAT
---------- ----
Store Manager
	18 GOOD


	ID
----------
FIRST_NAME
--------------------------------------------------------------------------------
LAST_NAME
--------------------------------------------------------------------------------
NAME
--------------------------------------------------------------------------------
     SALES STAT
---------- ----
       817
Jarrod
Kitchener

	ID
----------
FIRST_NAME
--------------------------------------------------------------------------------
LAST_NAME
--------------------------------------------------------------------------------
NAME
--------------------------------------------------------------------------------
     SALES STAT
---------- ----
Coffee Wrangler
	20 GOOD


	ID
----------
FIRST_NAME
--------------------------------------------------------------------------------
LAST_NAME
--------------------------------------------------------------------------------
NAME
--------------------------------------------------------------------------------
     SALES STAT
---------- ----
       889
Cullin
Collopy

	ID
----------
FIRST_NAME
--------------------------------------------------------------------------------
LAST_NAME
--------------------------------------------------------------------------------
NAME
--------------------------------------------------------------------------------
     SALES STAT
---------- ----
Coffee Wrangler
	20 GOOD


	ID
----------
FIRST_NAME
--------------------------------------------------------------------------------
LAST_NAME
--------------------------------------------------------------------------------
NAME
--------------------------------------------------------------------------------
     SALES STAT
---------- ----
       908
Alfreda
Klageman

	ID
----------
FIRST_NAME
--------------------------------------------------------------------------------
LAST_NAME
--------------------------------------------------------------------------------
NAME
--------------------------------------------------------------------------------
     SALES STAT
---------- ----
CEO
	 3 BAD


	ID
----------
FIRST_NAME
--------------------------------------------------------------------------------
LAST_NAME
--------------------------------------------------------------------------------
NAME
--------------------------------------------------------------------------------
     SALES STAT
---------- ----
      1025
Hetti
Quest

	ID
----------
FIRST_NAME
--------------------------------------------------------------------------------
LAST_NAME
--------------------------------------------------------------------------------
NAME
--------------------------------------------------------------------------------
     SALES STAT
---------- ----
Coffee Wrangler
	20 GOOD


	ID
----------
FIRST_NAME
--------------------------------------------------------------------------------
LAST_NAME
--------------------------------------------------------------------------------
NAME
--------------------------------------------------------------------------------
     SALES STAT
---------- ----
      1113
Sabra
Guido

	ID
----------
FIRST_NAME
--------------------------------------------------------------------------------
LAST_NAME
--------------------------------------------------------------------------------
NAME
--------------------------------------------------------------------------------
     SALES STAT
---------- ----
Roaster
	18 GOOD


	ID
----------
FIRST_NAME
--------------------------------------------------------------------------------
LAST_NAME
--------------------------------------------------------------------------------
NAME
--------------------------------------------------------------------------------
     SALES STAT
---------- ----
      1132
Waite
L'Hommeau

	ID
----------
FIRST_NAME
--------------------------------------------------------------------------------
LAST_NAME
--------------------------------------------------------------------------------
NAME
--------------------------------------------------------------------------------
     SALES STAT
---------- ----
Coffee Wrangler
	 3 BAD


	ID
----------
FIRST_NAME
--------------------------------------------------------------------------------
LAST_NAME
--------------------------------------------------------------------------------
NAME
--------------------------------------------------------------------------------
     SALES STAT
---------- ----
      1236
Zandra
Boden

	ID
----------
FIRST_NAME
--------------------------------------------------------------------------------
LAST_NAME
--------------------------------------------------------------------------------
NAME
--------------------------------------------------------------------------------
     SALES STAT
---------- ----
Store Manager
	 3 BAD


	ID
----------
FIRST_NAME
--------------------------------------------------------------------------------
LAST_NAME
--------------------------------------------------------------------------------
NAME
--------------------------------------------------------------------------------
     SALES STAT
---------- ----
      1305
Rik
Pickavant

	ID
----------
FIRST_NAME
--------------------------------------------------------------------------------
LAST_NAME
--------------------------------------------------------------------------------
NAME
--------------------------------------------------------------------------------
     SALES STAT
---------- ----
Coffee Wrangler
	18 GOOD


	ID
----------
FIRST_NAME
--------------------------------------------------------------------------------
LAST_NAME
--------------------------------------------------------------------------------
NAME
--------------------------------------------------------------------------------
     SALES STAT
---------- ----
      1332
Domeniga
Monkhouse

	ID
----------
FIRST_NAME
--------------------------------------------------------------------------------
LAST_NAME
--------------------------------------------------------------------------------
NAME
--------------------------------------------------------------------------------
     SALES STAT
---------- ----
Roaster
	18 GOOD


	ID
----------
FIRST_NAME
--------------------------------------------------------------------------------
LAST_NAME
--------------------------------------------------------------------------------
NAME
--------------------------------------------------------------------------------
     SALES STAT
---------- ----
      1345
Kinna
Wilmington

	ID
----------
FIRST_NAME
--------------------------------------------------------------------------------
LAST_NAME
--------------------------------------------------------------------------------
NAME
--------------------------------------------------------------------------------
     SALES STAT
---------- ----
Coffee Wrangler
	 2 BAD


	ID
----------
FIRST_NAME
--------------------------------------------------------------------------------
LAST_NAME
--------------------------------------------------------------------------------
NAME
--------------------------------------------------------------------------------
     SALES STAT
---------- ----
      1371
Ethan
Whewill

	ID
----------
FIRST_NAME
--------------------------------------------------------------------------------
LAST_NAME
--------------------------------------------------------------------------------
NAME
--------------------------------------------------------------------------------
     SALES STAT
---------- ----
Roaster
	19 GOOD


	ID
----------
FIRST_NAME
--------------------------------------------------------------------------------
LAST_NAME
--------------------------------------------------------------------------------
NAME
--------------------------------------------------------------------------------
     SALES STAT
---------- ----
      1426
Lu
Brundle

	ID
----------
FIRST_NAME
--------------------------------------------------------------------------------
LAST_NAME
--------------------------------------------------------------------------------
NAME
--------------------------------------------------------------------------------
     SALES STAT
---------- ----
Coffee Wrangler
	 3 BAD


	ID
----------
FIRST_NAME
--------------------------------------------------------------------------------
LAST_NAME
--------------------------------------------------------------------------------
NAME
--------------------------------------------------------------------------------
     SALES STAT
---------- ----
      1470
Corette
Beyer

	ID
----------
FIRST_NAME
--------------------------------------------------------------------------------
LAST_NAME
--------------------------------------------------------------------------------
NAME
--------------------------------------------------------------------------------
     SALES STAT
---------- ----
Coffee Wrangler
	 3 BAD


	ID
----------
FIRST_NAME
--------------------------------------------------------------------------------
LAST_NAME
--------------------------------------------------------------------------------
NAME
--------------------------------------------------------------------------------
     SALES STAT
---------- ----
      1725
Cindra
Harewood

	ID
----------
FIRST_NAME
--------------------------------------------------------------------------------
LAST_NAME
--------------------------------------------------------------------------------
NAME
--------------------------------------------------------------------------------
     SALES STAT
---------- ----
Store Manager
	 3 BAD


	ID
----------
FIRST_NAME
--------------------------------------------------------------------------------
LAST_NAME
--------------------------------------------------------------------------------
NAME
--------------------------------------------------------------------------------
     SALES STAT
---------- ----
      1807
James
Ivanishev

	ID
----------
FIRST_NAME
--------------------------------------------------------------------------------
LAST_NAME
--------------------------------------------------------------------------------
NAME
--------------------------------------------------------------------------------
     SALES STAT
---------- ----
Coffee Wrangler
	 3 BAD


	ID
----------
FIRST_NAME
--------------------------------------------------------------------------------
LAST_NAME
--------------------------------------------------------------------------------
NAME
--------------------------------------------------------------------------------
     SALES STAT
---------- ----
      1822
Lauryn
Awty

	ID
----------
FIRST_NAME
--------------------------------------------------------------------------------
LAST_NAME
--------------------------------------------------------------------------------
NAME
--------------------------------------------------------------------------------
     SALES STAT
---------- ----
Store Manager
	 3 BAD


	ID
----------
FIRST_NAME
--------------------------------------------------------------------------------
LAST_NAME
--------------------------------------------------------------------------------
NAME
--------------------------------------------------------------------------------
     SALES STAT
---------- ----
      1896
Rachelle
Christie

	ID
----------
FIRST_NAME
--------------------------------------------------------------------------------
LAST_NAME
--------------------------------------------------------------------------------
NAME
--------------------------------------------------------------------------------
     SALES STAT
---------- ----
Coffee Wrangler
	 3 BAD


	ID
----------
FIRST_NAME
--------------------------------------------------------------------------------
LAST_NAME
--------------------------------------------------------------------------------
NAME
--------------------------------------------------------------------------------
     SALES STAT
---------- ----
      1968
Modesta
Bradley

	ID
----------
FIRST_NAME
--------------------------------------------------------------------------------
LAST_NAME
--------------------------------------------------------------------------------
NAME
--------------------------------------------------------------------------------
     SALES STAT
---------- ----
Coffee Wrangler
	 3 BAD


	ID
----------
FIRST_NAME
--------------------------------------------------------------------------------
LAST_NAME
--------------------------------------------------------------------------------
NAME
--------------------------------------------------------------------------------
     SALES STAT
---------- ----
      2001
Salomon
Riseborough

	ID
----------
FIRST_NAME
--------------------------------------------------------------------------------
LAST_NAME
--------------------------------------------------------------------------------
NAME
--------------------------------------------------------------------------------
     SALES STAT
---------- ----
Roaster
	21 GOOD


	ID
----------
FIRST_NAME
--------------------------------------------------------------------------------
LAST_NAME
--------------------------------------------------------------------------------
NAME
--------------------------------------------------------------------------------
     SALES STAT
---------- ----
      2029
Travers
Coskerry

	ID
----------
FIRST_NAME
--------------------------------------------------------------------------------
LAST_NAME
--------------------------------------------------------------------------------
NAME
--------------------------------------------------------------------------------
     SALES STAT
---------- ----
Coffee Wrangler
	 3 BAD


	ID
----------
FIRST_NAME
--------------------------------------------------------------------------------
LAST_NAME
--------------------------------------------------------------------------------
NAME
--------------------------------------------------------------------------------
     SALES STAT
---------- ----
      2054
Delmor
Condon

	ID
----------
FIRST_NAME
--------------------------------------------------------------------------------
LAST_NAME
--------------------------------------------------------------------------------
NAME
--------------------------------------------------------------------------------
     SALES STAT
---------- ----
Coffee Wrangler
	19 GOOD


	ID
----------
FIRST_NAME
--------------------------------------------------------------------------------
LAST_NAME
--------------------------------------------------------------------------------
NAME
--------------------------------------------------------------------------------
     SALES STAT
---------- ----
      2109
Pauletta
Dybbe

	ID
----------
FIRST_NAME
--------------------------------------------------------------------------------
LAST_NAME
--------------------------------------------------------------------------------
NAME
--------------------------------------------------------------------------------
     SALES STAT
---------- ----
Coffee Wrangler
	 2 BAD


	ID
----------
FIRST_NAME
--------------------------------------------------------------------------------
LAST_NAME
--------------------------------------------------------------------------------
NAME
--------------------------------------------------------------------------------
     SALES STAT
---------- ----
      2131
Marabel
Loudiane

	ID
----------
FIRST_NAME
--------------------------------------------------------------------------------
LAST_NAME
--------------------------------------------------------------------------------
NAME
--------------------------------------------------------------------------------
     SALES STAT
---------- ----
Store Manager
	 3 BAD


	ID
----------
FIRST_NAME
--------------------------------------------------------------------------------
LAST_NAME
--------------------------------------------------------------------------------
NAME
--------------------------------------------------------------------------------
     SALES STAT
---------- ----
      2211
Elyn
McAirt

	ID
----------
FIRST_NAME
--------------------------------------------------------------------------------
LAST_NAME
--------------------------------------------------------------------------------
NAME
--------------------------------------------------------------------------------
     SALES STAT
---------- ----
Store Manager
	 3 BAD


	ID
----------
FIRST_NAME
--------------------------------------------------------------------------------
LAST_NAME
--------------------------------------------------------------------------------
NAME
--------------------------------------------------------------------------------
     SALES STAT
---------- ----
      2270
Lebbie
Gecks

	ID
----------
FIRST_NAME
--------------------------------------------------------------------------------
LAST_NAME
--------------------------------------------------------------------------------
NAME
--------------------------------------------------------------------------------
     SALES STAT
---------- ----
Roaster
	 3 BAD


	ID
----------
FIRST_NAME
--------------------------------------------------------------------------------
LAST_NAME
--------------------------------------------------------------------------------
NAME
--------------------------------------------------------------------------------
     SALES STAT
---------- ----
      2303
Mellisent
Crennan

	ID
----------
FIRST_NAME
--------------------------------------------------------------------------------
LAST_NAME
--------------------------------------------------------------------------------
NAME
--------------------------------------------------------------------------------
     SALES STAT
---------- ----
Roaster
	 2 BAD


	ID
----------
FIRST_NAME
--------------------------------------------------------------------------------
LAST_NAME
--------------------------------------------------------------------------------
NAME
--------------------------------------------------------------------------------
     SALES STAT
---------- ----
      2319
Sheila-kathryn
Brader

	ID
----------
FIRST_NAME
--------------------------------------------------------------------------------
LAST_NAME
--------------------------------------------------------------------------------
NAME
--------------------------------------------------------------------------------
     SALES STAT
---------- ----
CEO
	 3 BAD


	ID
----------
FIRST_NAME
--------------------------------------------------------------------------------
LAST_NAME
--------------------------------------------------------------------------------
NAME
--------------------------------------------------------------------------------
     SALES STAT
---------- ----
      2323
Demetra
Dumingos

	ID
----------
FIRST_NAME
--------------------------------------------------------------------------------
LAST_NAME
--------------------------------------------------------------------------------
NAME
--------------------------------------------------------------------------------
     SALES STAT
---------- ----
Roaster
	18 GOOD


	ID
----------
FIRST_NAME
--------------------------------------------------------------------------------
LAST_NAME
--------------------------------------------------------------------------------
NAME
--------------------------------------------------------------------------------
     SALES STAT
---------- ----
      2360
Chance
Khristyukhin

	ID
----------
FIRST_NAME
--------------------------------------------------------------------------------
LAST_NAME
--------------------------------------------------------------------------------
NAME
--------------------------------------------------------------------------------
     SALES STAT
---------- ----
Coffee Wrangler
	 3 BAD


	ID
----------
FIRST_NAME
--------------------------------------------------------------------------------
LAST_NAME
--------------------------------------------------------------------------------
NAME
--------------------------------------------------------------------------------
     SALES STAT
---------- ----
      2529
Wallis
Gill

	ID
----------
FIRST_NAME
--------------------------------------------------------------------------------
LAST_NAME
--------------------------------------------------------------------------------
NAME
--------------------------------------------------------------------------------
     SALES STAT
---------- ----
Coffee Wrangler
	20 GOOD


	ID
----------
FIRST_NAME
--------------------------------------------------------------------------------
LAST_NAME
--------------------------------------------------------------------------------
NAME
--------------------------------------------------------------------------------
     SALES STAT
---------- ----
      2553
Pia
Stading

	ID
----------
FIRST_NAME
--------------------------------------------------------------------------------
LAST_NAME
--------------------------------------------------------------------------------
NAME
--------------------------------------------------------------------------------
     SALES STAT
---------- ----
Roaster
	 3 BAD


	ID
----------
FIRST_NAME
--------------------------------------------------------------------------------
LAST_NAME
--------------------------------------------------------------------------------
NAME
--------------------------------------------------------------------------------
     SALES STAT
---------- ----
      2663
Lyndsey
Frostdyke

	ID
----------
FIRST_NAME
--------------------------------------------------------------------------------
LAST_NAME
--------------------------------------------------------------------------------
NAME
--------------------------------------------------------------------------------
     SALES STAT
---------- ----
CEO
	 3 BAD


	ID
----------
FIRST_NAME
--------------------------------------------------------------------------------
LAST_NAME
--------------------------------------------------------------------------------
NAME
--------------------------------------------------------------------------------
     SALES STAT
---------- ----
      2676
Kerwin
Madgwick

	ID
----------
FIRST_NAME
--------------------------------------------------------------------------------
LAST_NAME
--------------------------------------------------------------------------------
NAME
--------------------------------------------------------------------------------
     SALES STAT
---------- ----
Store Manager
	 2 BAD


	ID
----------
FIRST_NAME
--------------------------------------------------------------------------------
LAST_NAME
--------------------------------------------------------------------------------
NAME
--------------------------------------------------------------------------------
     SALES STAT
---------- ----
      2737
Caresse
Collip

	ID
----------
FIRST_NAME
--------------------------------------------------------------------------------
LAST_NAME
--------------------------------------------------------------------------------
NAME
--------------------------------------------------------------------------------
     SALES STAT
---------- ----
Coffee Wrangler
	 3 BAD


	ID
----------
FIRST_NAME
--------------------------------------------------------------------------------
LAST_NAME
--------------------------------------------------------------------------------
NAME
--------------------------------------------------------------------------------
     SALES STAT
---------- ----
      2842
Emile
Riba

	ID
----------
FIRST_NAME
--------------------------------------------------------------------------------
LAST_NAME
--------------------------------------------------------------------------------
NAME
--------------------------------------------------------------------------------
     SALES STAT
---------- ----
Store Manager
	 3 BAD


	ID
----------
FIRST_NAME
--------------------------------------------------------------------------------
LAST_NAME
--------------------------------------------------------------------------------
NAME
--------------------------------------------------------------------------------
     SALES STAT
---------- ----
      2925
Yettie
Nelson

	ID
----------
FIRST_NAME
--------------------------------------------------------------------------------
LAST_NAME
--------------------------------------------------------------------------------
NAME
--------------------------------------------------------------------------------
     SALES STAT
---------- ----
Roaster
	 3 BAD


	ID
----------
FIRST_NAME
--------------------------------------------------------------------------------
LAST_NAME
--------------------------------------------------------------------------------
NAME
--------------------------------------------------------------------------------
     SALES STAT
---------- ----
      2940
Ravi
Klein

	ID
----------
FIRST_NAME
--------------------------------------------------------------------------------
LAST_NAME
--------------------------------------------------------------------------------
NAME
--------------------------------------------------------------------------------
     SALES STAT
---------- ----
Store Manager
	20 GOOD


	ID
----------
FIRST_NAME
--------------------------------------------------------------------------------
LAST_NAME
--------------------------------------------------------------------------------
NAME
--------------------------------------------------------------------------------
     SALES STAT
---------- ----
      2945
Trixy
Benninck

	ID
----------
FIRST_NAME
--------------------------------------------------------------------------------
LAST_NAME
--------------------------------------------------------------------------------
NAME
--------------------------------------------------------------------------------
     SALES STAT
---------- ----
Coffee Wrangler
	19 GOOD


	ID
----------
FIRST_NAME
--------------------------------------------------------------------------------
LAST_NAME
--------------------------------------------------------------------------------
NAME
--------------------------------------------------------------------------------
     SALES STAT
---------- ----
      2972
Zuzana
Phillps

	ID
----------
FIRST_NAME
--------------------------------------------------------------------------------
LAST_NAME
--------------------------------------------------------------------------------
NAME
--------------------------------------------------------------------------------
     SALES STAT
---------- ----
Roaster
	 3 BAD


	ID
----------
FIRST_NAME
--------------------------------------------------------------------------------
LAST_NAME
--------------------------------------------------------------------------------
NAME
--------------------------------------------------------------------------------
     SALES STAT
---------- ----
      3004
Inglebert
Childs

	ID
----------
FIRST_NAME
--------------------------------------------------------------------------------
LAST_NAME
--------------------------------------------------------------------------------
NAME
--------------------------------------------------------------------------------
     SALES STAT
---------- ----
Roaster
	21 GOOD


	ID
----------
FIRST_NAME
--------------------------------------------------------------------------------
LAST_NAME
--------------------------------------------------------------------------------
NAME
--------------------------------------------------------------------------------
     SALES STAT
---------- ----
      3070
Opal
De Cleyne

	ID
----------
FIRST_NAME
--------------------------------------------------------------------------------
LAST_NAME
--------------------------------------------------------------------------------
NAME
--------------------------------------------------------------------------------
     SALES STAT
---------- ----
Roaster
	 3 BAD


	ID
----------
FIRST_NAME
--------------------------------------------------------------------------------
LAST_NAME
--------------------------------------------------------------------------------
NAME
--------------------------------------------------------------------------------
     SALES STAT
---------- ----
      3073
Renaldo
Askin

	ID
----------
FIRST_NAME
--------------------------------------------------------------------------------
LAST_NAME
--------------------------------------------------------------------------------
NAME
--------------------------------------------------------------------------------
     SALES STAT
---------- ----
Coffee Wrangler
	19 GOOD


	ID
----------
FIRST_NAME
--------------------------------------------------------------------------------
LAST_NAME
--------------------------------------------------------------------------------
NAME
--------------------------------------------------------------------------------
     SALES STAT
---------- ----
      3103
Nessie
Rouf

	ID
----------
FIRST_NAME
--------------------------------------------------------------------------------
LAST_NAME
--------------------------------------------------------------------------------
NAME
--------------------------------------------------------------------------------
     SALES STAT
---------- ----
Coffee Wrangler
	22 GOOD


	ID
----------
FIRST_NAME
--------------------------------------------------------------------------------
LAST_NAME
--------------------------------------------------------------------------------
NAME
--------------------------------------------------------------------------------
     SALES STAT
---------- ----
      3113
Carlina
Grunder

	ID
----------
FIRST_NAME
--------------------------------------------------------------------------------
LAST_NAME
--------------------------------------------------------------------------------
NAME
--------------------------------------------------------------------------------
     SALES STAT
---------- ----
CEO
	 3 BAD


	ID
----------
FIRST_NAME
--------------------------------------------------------------------------------
LAST_NAME
--------------------------------------------------------------------------------
NAME
--------------------------------------------------------------------------------
     SALES STAT
---------- ----
      3162
Nancee
Sheach

	ID
----------
FIRST_NAME
--------------------------------------------------------------------------------
LAST_NAME
--------------------------------------------------------------------------------
NAME
--------------------------------------------------------------------------------
     SALES STAT
---------- ----
Coffee Wrangler
	 3 BAD


	ID
----------
FIRST_NAME
--------------------------------------------------------------------------------
LAST_NAME
--------------------------------------------------------------------------------
NAME
--------------------------------------------------------------------------------
     SALES STAT
---------- ----
      3177
Heidi
McMurty

	ID
----------
FIRST_NAME
--------------------------------------------------------------------------------
LAST_NAME
--------------------------------------------------------------------------------
NAME
--------------------------------------------------------------------------------
     SALES STAT
---------- ----
Store Manager
	27 GOOD


	ID
----------
FIRST_NAME
--------------------------------------------------------------------------------
LAST_NAME
--------------------------------------------------------------------------------
NAME
--------------------------------------------------------------------------------
     SALES STAT
---------- ----
      3192
Joaquin
Kiley

	ID
----------
FIRST_NAME
--------------------------------------------------------------------------------
LAST_NAME
--------------------------------------------------------------------------------
NAME
--------------------------------------------------------------------------------
     SALES STAT
---------- ----
Coffee Wrangler
	21 GOOD


	ID
----------
FIRST_NAME
--------------------------------------------------------------------------------
LAST_NAME
--------------------------------------------------------------------------------
NAME
--------------------------------------------------------------------------------
     SALES STAT
---------- ----
      3200
Essie
Duck

	ID
----------
FIRST_NAME
--------------------------------------------------------------------------------
LAST_NAME
--------------------------------------------------------------------------------
NAME
--------------------------------------------------------------------------------
     SALES STAT
---------- ----
Store Manager
	20 GOOD


	ID
----------
FIRST_NAME
--------------------------------------------------------------------------------
LAST_NAME
--------------------------------------------------------------------------------
NAME
--------------------------------------------------------------------------------
     SALES STAT
---------- ----
      3253
Alyse
Handes

	ID
----------
FIRST_NAME
--------------------------------------------------------------------------------
LAST_NAME
--------------------------------------------------------------------------------
NAME
--------------------------------------------------------------------------------
     SALES STAT
---------- ----
Coffee Wrangler
	 3 BAD


	ID
----------
FIRST_NAME
--------------------------------------------------------------------------------
LAST_NAME
--------------------------------------------------------------------------------
NAME
--------------------------------------------------------------------------------
     SALES STAT
---------- ----
      3305
Cliff
Birchill

	ID
----------
FIRST_NAME
--------------------------------------------------------------------------------
LAST_NAME
--------------------------------------------------------------------------------
NAME
--------------------------------------------------------------------------------
     SALES STAT
---------- ----
CFO
	 3 BAD


	ID
----------
FIRST_NAME
--------------------------------------------------------------------------------
LAST_NAME
--------------------------------------------------------------------------------
NAME
--------------------------------------------------------------------------------
     SALES STAT
---------- ----
      3329
Madel
Brinklow

	ID
----------
FIRST_NAME
--------------------------------------------------------------------------------
LAST_NAME
--------------------------------------------------------------------------------
NAME
--------------------------------------------------------------------------------
     SALES STAT
---------- ----
CEO
	 3 BAD


	ID
----------
FIRST_NAME
--------------------------------------------------------------------------------
LAST_NAME
--------------------------------------------------------------------------------
NAME
--------------------------------------------------------------------------------
     SALES STAT
---------- ----
      3354
Hillier
Cockerham

	ID
----------
FIRST_NAME
--------------------------------------------------------------------------------
LAST_NAME
--------------------------------------------------------------------------------
NAME
--------------------------------------------------------------------------------
     SALES STAT
---------- ----
Coffee Wrangler
	20 GOOD


	ID
----------
FIRST_NAME
--------------------------------------------------------------------------------
LAST_NAME
--------------------------------------------------------------------------------
NAME
--------------------------------------------------------------------------------
     SALES STAT
---------- ----
      3395
Rhianon
Senten

	ID
----------
FIRST_NAME
--------------------------------------------------------------------------------
LAST_NAME
--------------------------------------------------------------------------------
NAME
--------------------------------------------------------------------------------
     SALES STAT
---------- ----
Coffee Wrangler
	19 GOOD


	ID
----------
FIRST_NAME
--------------------------------------------------------------------------------
LAST_NAME
--------------------------------------------------------------------------------
NAME
--------------------------------------------------------------------------------
     SALES STAT
---------- ----
      3400
Caril
Kingsworth

	ID
----------
FIRST_NAME
--------------------------------------------------------------------------------
LAST_NAME
--------------------------------------------------------------------------------
NAME
--------------------------------------------------------------------------------
     SALES STAT
---------- ----
Coffee Wrangler
	21 GOOD


	ID
----------
FIRST_NAME
--------------------------------------------------------------------------------
LAST_NAME
--------------------------------------------------------------------------------
NAME
--------------------------------------------------------------------------------
     SALES STAT
---------- ----
      3412
Hurley
Poltun

	ID
----------
FIRST_NAME
--------------------------------------------------------------------------------
LAST_NAME
--------------------------------------------------------------------------------
NAME
--------------------------------------------------------------------------------
     SALES STAT
---------- ----
Coffee Wrangler
	 3 BAD


	ID
----------
FIRST_NAME
--------------------------------------------------------------------------------
LAST_NAME
--------------------------------------------------------------------------------
NAME
--------------------------------------------------------------------------------
     SALES STAT
---------- ----
      3445
Dredi
Kohnen

	ID
----------
FIRST_NAME
--------------------------------------------------------------------------------
LAST_NAME
--------------------------------------------------------------------------------
NAME
--------------------------------------------------------------------------------
     SALES STAT
---------- ----
Store Manager
	19 GOOD


	ID
----------
FIRST_NAME
--------------------------------------------------------------------------------
LAST_NAME
--------------------------------------------------------------------------------
NAME
--------------------------------------------------------------------------------
     SALES STAT
---------- ----
      3454
Carlie
Trayling

	ID
----------
FIRST_NAME
--------------------------------------------------------------------------------
LAST_NAME
--------------------------------------------------------------------------------
NAME
--------------------------------------------------------------------------------
     SALES STAT
---------- ----
Roaster
	 3 BAD


	ID
----------
FIRST_NAME
--------------------------------------------------------------------------------
LAST_NAME
--------------------------------------------------------------------------------
NAME
--------------------------------------------------------------------------------
     SALES STAT
---------- ----
      3472
Valle
Weine

	ID
----------
FIRST_NAME
--------------------------------------------------------------------------------
LAST_NAME
--------------------------------------------------------------------------------
NAME
--------------------------------------------------------------------------------
     SALES STAT
---------- ----
Coffee Wrangler
	20 GOOD


	ID
----------
FIRST_NAME
--------------------------------------------------------------------------------
LAST_NAME
--------------------------------------------------------------------------------
NAME
--------------------------------------------------------------------------------
     SALES STAT
---------- ----
      3488
Annelise
Hould

	ID
----------
FIRST_NAME
--------------------------------------------------------------------------------
LAST_NAME
--------------------------------------------------------------------------------
NAME
--------------------------------------------------------------------------------
     SALES STAT
---------- ----
Coffee Wrangler
	19 GOOD


	ID
----------
FIRST_NAME
--------------------------------------------------------------------------------
LAST_NAME
--------------------------------------------------------------------------------
NAME
--------------------------------------------------------------------------------
     SALES STAT
---------- ----
      3497
Ronny
Dunnico

	ID
----------
FIRST_NAME
--------------------------------------------------------------------------------
LAST_NAME
--------------------------------------------------------------------------------
NAME
--------------------------------------------------------------------------------
     SALES STAT
---------- ----
Store Manager
	 3 BAD


	ID
----------
FIRST_NAME
--------------------------------------------------------------------------------
LAST_NAME
--------------------------------------------------------------------------------
NAME
--------------------------------------------------------------------------------
     SALES STAT
---------- ----
      3499
Simonette
Kitteman

	ID
----------
FIRST_NAME
--------------------------------------------------------------------------------
LAST_NAME
--------------------------------------------------------------------------------
NAME
--------------------------------------------------------------------------------
     SALES STAT
---------- ----
Coffee Wrangler
	20 GOOD


	ID
----------
FIRST_NAME
--------------------------------------------------------------------------------
LAST_NAME
--------------------------------------------------------------------------------
NAME
--------------------------------------------------------------------------------
     SALES STAT
---------- ----
      3708
Emmy
Maddra

	ID
----------
FIRST_NAME
--------------------------------------------------------------------------------
LAST_NAME
--------------------------------------------------------------------------------
NAME
--------------------------------------------------------------------------------
     SALES STAT
---------- ----
Coffee Wrangler
	19 GOOD


	ID
----------
FIRST_NAME
--------------------------------------------------------------------------------
LAST_NAME
--------------------------------------------------------------------------------
NAME
--------------------------------------------------------------------------------
     SALES STAT
---------- ----
      3719
Damiano
Hebden

	ID
----------
FIRST_NAME
--------------------------------------------------------------------------------
LAST_NAME
--------------------------------------------------------------------------------
NAME
--------------------------------------------------------------------------------
     SALES STAT
---------- ----
Coffee Wrangler
	19 GOOD


	ID
----------
FIRST_NAME
--------------------------------------------------------------------------------
LAST_NAME
--------------------------------------------------------------------------------
NAME
--------------------------------------------------------------------------------
     SALES STAT
---------- ----
      3799
Tomaso
Cordoba

	ID
----------
FIRST_NAME
--------------------------------------------------------------------------------
LAST_NAME
--------------------------------------------------------------------------------
NAME
--------------------------------------------------------------------------------
     SALES STAT
---------- ----
CFO
	 2 BAD


	ID
----------
FIRST_NAME
--------------------------------------------------------------------------------
LAST_NAME
--------------------------------------------------------------------------------
NAME
--------------------------------------------------------------------------------
     SALES STAT
---------- ----
      3872
Angelica
Leigh

	ID
----------
FIRST_NAME
--------------------------------------------------------------------------------
LAST_NAME
--------------------------------------------------------------------------------
NAME
--------------------------------------------------------------------------------
     SALES STAT
---------- ----
Store Manager
	 3 BAD


	ID
----------
FIRST_NAME
--------------------------------------------------------------------------------
LAST_NAME
--------------------------------------------------------------------------------
NAME
--------------------------------------------------------------------------------
     SALES STAT
---------- ----
      3924
Berty
Fazackerley

	ID
----------
FIRST_NAME
--------------------------------------------------------------------------------
LAST_NAME
--------------------------------------------------------------------------------
NAME
--------------------------------------------------------------------------------
     SALES STAT
---------- ----
Coffee Wrangler
	19 GOOD


	ID
----------
FIRST_NAME
--------------------------------------------------------------------------------
LAST_NAME
--------------------------------------------------------------------------------
NAME
--------------------------------------------------------------------------------
     SALES STAT
---------- ----
      3993
Alisander
Wimbush

	ID
----------
FIRST_NAME
--------------------------------------------------------------------------------
LAST_NAME
--------------------------------------------------------------------------------
NAME
--------------------------------------------------------------------------------
     SALES STAT
---------- ----
Coffee Wrangler
	 3 BAD


	ID
----------
FIRST_NAME
--------------------------------------------------------------------------------
LAST_NAME
--------------------------------------------------------------------------------
NAME
--------------------------------------------------------------------------------
     SALES STAT
---------- ----
      4129
Matthus
Huard

	ID
----------
FIRST_NAME
--------------------------------------------------------------------------------
LAST_NAME
--------------------------------------------------------------------------------
NAME
--------------------------------------------------------------------------------
     SALES STAT
---------- ----
Coffee Wrangler
	19 GOOD


	ID
----------
FIRST_NAME
--------------------------------------------------------------------------------
LAST_NAME
--------------------------------------------------------------------------------
NAME
--------------------------------------------------------------------------------
     SALES STAT
---------- ----
      4142
Gifford
Spatarul

	ID
----------
FIRST_NAME
--------------------------------------------------------------------------------
LAST_NAME
--------------------------------------------------------------------------------
NAME
--------------------------------------------------------------------------------
     SALES STAT
---------- ----
Coffee Wrangler
	19 GOOD


	ID
----------
FIRST_NAME
--------------------------------------------------------------------------------
LAST_NAME
--------------------------------------------------------------------------------
NAME
--------------------------------------------------------------------------------
     SALES STAT
---------- ----
      4286
Glyn
MacCurlye

	ID
----------
FIRST_NAME
--------------------------------------------------------------------------------
LAST_NAME
--------------------------------------------------------------------------------
NAME
--------------------------------------------------------------------------------
     SALES STAT
---------- ----
Coffee Wrangler
	 2 BAD


	ID
----------
FIRST_NAME
--------------------------------------------------------------------------------
LAST_NAME
--------------------------------------------------------------------------------
NAME
--------------------------------------------------------------------------------
     SALES STAT
---------- ----
      4297
Pablo
Wigelsworth

	ID
----------
FIRST_NAME
--------------------------------------------------------------------------------
LAST_NAME
--------------------------------------------------------------------------------
NAME
--------------------------------------------------------------------------------
     SALES STAT
---------- ----
Coffee Wrangler
	 2 BAD


	ID
----------
FIRST_NAME
--------------------------------------------------------------------------------
LAST_NAME
--------------------------------------------------------------------------------
NAME
--------------------------------------------------------------------------------
     SALES STAT
---------- ----
      4362
Johnny
Toten

	ID
----------
FIRST_NAME
--------------------------------------------------------------------------------
LAST_NAME
--------------------------------------------------------------------------------
NAME
--------------------------------------------------------------------------------
     SALES STAT
---------- ----
Roaster
	19 GOOD


	ID
----------
FIRST_NAME
--------------------------------------------------------------------------------
LAST_NAME
--------------------------------------------------------------------------------
NAME
--------------------------------------------------------------------------------
     SALES STAT
---------- ----
      4380
Celesta
Gregs

	ID
----------
FIRST_NAME
--------------------------------------------------------------------------------
LAST_NAME
--------------------------------------------------------------------------------
NAME
--------------------------------------------------------------------------------
     SALES STAT
---------- ----
Coffee Wrangler
	19 GOOD


	ID
----------
FIRST_NAME
--------------------------------------------------------------------------------
LAST_NAME
--------------------------------------------------------------------------------
NAME
--------------------------------------------------------------------------------
     SALES STAT
---------- ----
      4454
Deina
Villaron

	ID
----------
FIRST_NAME
--------------------------------------------------------------------------------
LAST_NAME
--------------------------------------------------------------------------------
NAME
--------------------------------------------------------------------------------
     SALES STAT
---------- ----
Coffee Wrangler
	 3 BAD


	ID
----------
FIRST_NAME
--------------------------------------------------------------------------------
LAST_NAME
--------------------------------------------------------------------------------
NAME
--------------------------------------------------------------------------------
     SALES STAT
---------- ----
      4519
Hurleigh
Greeno

	ID
----------
FIRST_NAME
--------------------------------------------------------------------------------
LAST_NAME
--------------------------------------------------------------------------------
NAME
--------------------------------------------------------------------------------
     SALES STAT
---------- ----
Store Manager
	20 GOOD


	ID
----------
FIRST_NAME
--------------------------------------------------------------------------------
LAST_NAME
--------------------------------------------------------------------------------
NAME
--------------------------------------------------------------------------------
     SALES STAT
---------- ----
      4585
Maryl
Paddie

	ID
----------
FIRST_NAME
--------------------------------------------------------------------------------
LAST_NAME
--------------------------------------------------------------------------------
NAME
--------------------------------------------------------------------------------
     SALES STAT
---------- ----
Coffee Wrangler
	 3 BAD


	ID
----------
FIRST_NAME
--------------------------------------------------------------------------------
LAST_NAME
--------------------------------------------------------------------------------
NAME
--------------------------------------------------------------------------------
     SALES STAT
---------- ----
      4782
Elmore
Briztman

	ID
----------
FIRST_NAME
--------------------------------------------------------------------------------
LAST_NAME
--------------------------------------------------------------------------------
NAME
--------------------------------------------------------------------------------
     SALES STAT
---------- ----
Coffee Wrangler
	19 GOOD


	ID
----------
FIRST_NAME
--------------------------------------------------------------------------------
LAST_NAME
--------------------------------------------------------------------------------
NAME
--------------------------------------------------------------------------------
     SALES STAT
---------- ----
      4856
Tomasina
Darrel

	ID
----------
FIRST_NAME
--------------------------------------------------------------------------------
LAST_NAME
--------------------------------------------------------------------------------
NAME
--------------------------------------------------------------------------------
     SALES STAT
---------- ----
Coffee Wrangler
	19 GOOD


	ID
----------
FIRST_NAME
--------------------------------------------------------------------------------
LAST_NAME
--------------------------------------------------------------------------------
NAME
--------------------------------------------------------------------------------
     SALES STAT
---------- ----
      4864
Herby
Fradson

	ID
----------
FIRST_NAME
--------------------------------------------------------------------------------
LAST_NAME
--------------------------------------------------------------------------------
NAME
--------------------------------------------------------------------------------
     SALES STAT
---------- ----
Coffee Wrangler
	19 GOOD


	ID
----------
FIRST_NAME
--------------------------------------------------------------------------------
LAST_NAME
--------------------------------------------------------------------------------
NAME
--------------------------------------------------------------------------------
     SALES STAT
---------- ----
      4872
Timothy
Ashford

	ID
----------
FIRST_NAME
--------------------------------------------------------------------------------
LAST_NAME
--------------------------------------------------------------------------------
NAME
--------------------------------------------------------------------------------
     SALES STAT
---------- ----
Store Manager
	 3 BAD


	ID
----------
FIRST_NAME
--------------------------------------------------------------------------------
LAST_NAME
--------------------------------------------------------------------------------
NAME
--------------------------------------------------------------------------------
     SALES STAT
---------- ----
      4924
Percy
Losel

	ID
----------
FIRST_NAME
--------------------------------------------------------------------------------
LAST_NAME
--------------------------------------------------------------------------------
NAME
--------------------------------------------------------------------------------
     SALES STAT
---------- ----
Roaster
	21 GOOD


100 rows selected.

timing for: no_xml_timing
Elapsed: 00:00:00.06
