
System altered.

Elapsed: 00:00:00.05

System altered.

Elapsed: 00:00:00.10

Session altered.

Elapsed: 00:00:00.00
'1st QUERY'
'2nd QUERY'

9 rows selected.

Elapsed: 00:00:00.07

Statistics
----------------------------------------------------------
	480  recursive calls
	  0  db block gets
       1944  consistent gets
	  0  physical reads
	  0  redo size
       1030  bytes sent via SQL*Net to client
	624  bytes received via SQL*Net from client
	  2  SQL*Net roundtrips to/from client
	 27  sorts (memory)
	  0  sorts (disk)
	  9  rows processed

'3rd QUERY'

no rows selected

Elapsed: 00:00:00.01

Statistics
----------------------------------------------------------
	 82  recursive calls
	  0  db block gets
	221  consistent gets
	  0  physical reads
	  0  redo size
       1314  bytes sent via SQL*Net to client
	613  bytes received via SQL*Net from client
	  1  SQL*Net roundtrips to/from client
	  6  sorts (memory)
	  0  sorts (disk)
	  0  rows processed

'4th QUERY'
'5th QUERY'

Elapsed: 00:00:00.02

Statistics
----------------------------------------------------------
	107  recursive calls
	  7  db block gets
	826  consistent gets
	  0  physical reads
       1008  redo size
	867  bytes sent via SQL*Net to client
	624  bytes received via SQL*Net from client
	  2  SQL*Net roundtrips to/from client
	  9  sorts (memory)
	  0  sorts (disk)
	  2  rows processed

'1st COMMAND'

Warning: Procedure created with compilation errors.

Elapsed: 00:00:00.16
'2nd COMMAND'

Warning: Procedure created with compilation errors.

Elapsed: 00:00:00.01
timing for: zestaw_transakcji_js
Elapsed: 00:00:00.28
