
Table created.


Trigger created.


Trigger created.


Trigger created.


1 row created.


1 row created.


1 row created.


	ID
----------
TAG
--------------------------------------------------------------------------------
TIMESTAMP
---------------------------------------------------------------------------
	 1
trigger 3
19-APR-20 08.26.51.000000 PM

	 2
trigger 2
19-APR-20 08.26.51.000000 PM

	ID
----------
TAG
--------------------------------------------------------------------------------
TIMESTAMP
---------------------------------------------------------------------------

	 3
trigger 1
19-APR-20 08.26.51.000000 PM

	 4
trigger 3

	ID
----------
TAG
--------------------------------------------------------------------------------
TIMESTAMP
---------------------------------------------------------------------------
19-APR-20 08.26.51.000000 PM

	 5
trigger 2
19-APR-20 08.26.51.000000 PM

	 6

	ID
----------
TAG
--------------------------------------------------------------------------------
TIMESTAMP
---------------------------------------------------------------------------
trigger 1
19-APR-20 08.26.51.000000 PM

	 7
trigger 3
19-APR-20 08.26.51.000000 PM


	ID
----------
TAG
--------------------------------------------------------------------------------
TIMESTAMP
---------------------------------------------------------------------------
	 8
trigger 2
19-APR-20 08.26.51.000000 PM

	 9
trigger 1
19-APR-20 08.26.51.000000 PM

	ID
----------
TAG
--------------------------------------------------------------------------------
TIMESTAMP
---------------------------------------------------------------------------


9 rows selected.


Table dropped.


Trigger dropped.


Trigger dropped.


Trigger dropped.

