
System altered.


System altered.


0 rows updated.


Statistics
----------------------------------------------------------
	142  recursive calls
	  0  db block gets
	279  consistent gets
	  0  physical reads
	  0  redo size
	864  bytes sent via SQL*Net to client
       1096  bytes received via SQL*Net from client
	  3  SQL*Net roundtrips to/from client
	 12  sorts (memory)
	  0  sorts (disk)
	  0  rows processed

'4th rule - check_stack_before_transaction trigger'

Trigger created.

insert into SALES_RECEIPT values (49895, sysdate, 0, 1, 1, 1, 2, 2, 0, 1, 1, 1,1540)
            *
ERROR at line 1:
ORA-01403: no data found
ORA-06512: at "COFFEESHOP.CHECK_STACK_BEFORE_TRANSACTION", line 4
ORA-04088: error during execution of trigger
'COFFEESHOP.CHECK_STACK_BEFORE_TRANSACTION'


timing for: trigger_4
Elapsed: 00:00:00.01

Rollback complete.

