
System altered.


System altered.


1 row created.


Statistics
----------------------------------------------------------
	411  recursive calls
	 10  db block gets
	719  consistent gets
	  0  physical reads
	132  redo size
	864  bytes sent via SQL*Net to client
       1040  bytes received via SQL*Net from client
	  3  SQL*Net roundtrips to/from client
	 32  sorts (memory)
	  0  sorts (disk)
	  1  rows processed


PL/SQL procedure successfully completed.

timing for: trigger_7_prep
Elapsed: 00:00:00.23

Rollback complete.

'7th rule - sales_goals_for_new_sales_outlet'

Trigger created.


1 row created.


Statistics
----------------------------------------------------------
       5366  recursive calls
      16245  db block gets
	467  consistent gets
	  0  physical reads
    2882116  redo size
	871  bytes sent via SQL*Net to client
       1156  bytes received via SQL*Net from client
	  3  SQL*Net roundtrips to/from client
	  2  sorts (memory)
	  0  sorts (disk)
	  1  rows processed

timing for: trigger_7
Elapsed: 00:00:00.23
