
System altered.


System altered.


1 row created.


Statistics
----------------------------------------------------------
	377  recursive calls
	 18  db block gets
	615  consistent gets
	  0  physical reads
	612  redo size
	864  bytes sent via SQL*Net to client
       1205  bytes received via SQL*Net from client
	  3  SQL*Net roundtrips to/from client
	 24  sorts (memory)
	  0  sorts (disk)
	  1  rows processed


1 row created.


Statistics
----------------------------------------------------------
	  2  recursive calls
	 12  db block gets
	  2  consistent gets
	  0  physical reads
	  0  redo size
	864  bytes sent via SQL*Net to client
       1205  bytes received via SQL*Net from client
	  3  SQL*Net roundtrips to/from client
	  1  sorts (memory)
	  0  sorts (disk)
	  1  rows processed


1 row created.


Statistics
----------------------------------------------------------
	  2  recursive calls
	 12  db block gets
	  2  consistent gets
	  0  physical reads
	  0  redo size
	866  bytes sent via SQL*Net to client
       1205  bytes received via SQL*Net from client
	  3  SQL*Net roundtrips to/from client
	  1  sorts (memory)
	  0  sorts (disk)
	  1  rows processed


1 row created.


Statistics
----------------------------------------------------------
	  2  recursive calls
	 12  db block gets
	  2  consistent gets
	  0  physical reads
	  0  redo size
	867  bytes sent via SQL*Net to client
       1205  bytes received via SQL*Net from client
	  3  SQL*Net roundtrips to/from client
	  1  sorts (memory)
	  0  sorts (disk)
	  1  rows processed


1 row created.


Statistics
----------------------------------------------------------
	  2  recursive calls
	 12  db block gets
	  2  consistent gets
	  0  physical reads
	  0  redo size
	867  bytes sent via SQL*Net to client
       1205  bytes received via SQL*Net from client
	  3  SQL*Net roundtrips to/from client
	  1  sorts (memory)
	  0  sorts (disk)
	  1  rows processed


1 row created.


Statistics
----------------------------------------------------------
	  2  recursive calls
	 12  db block gets
	  2  consistent gets
	  0  physical reads
	  0  redo size
	867  bytes sent via SQL*Net to client
       1205  bytes received via SQL*Net from client
	  3  SQL*Net roundtrips to/from client
	  1  sorts (memory)
	  0  sorts (disk)
	  1  rows processed


1 row created.


Statistics
----------------------------------------------------------
	  2  recursive calls
	 12  db block gets
	  2  consistent gets
	  0  physical reads
	  0  redo size
	867  bytes sent via SQL*Net to client
       1205  bytes received via SQL*Net from client
	  3  SQL*Net roundtrips to/from client
	  1  sorts (memory)
	  0  sorts (disk)
	  1  rows processed


1 row created.


Statistics
----------------------------------------------------------
	  2  recursive calls
	 12  db block gets
	  2  consistent gets
	  0  physical reads
	  0  redo size
	867  bytes sent via SQL*Net to client
       1204  bytes received via SQL*Net from client
	  3  SQL*Net roundtrips to/from client
	  1  sorts (memory)
	  0  sorts (disk)
	  1  rows processed


1 row created.


Statistics
----------------------------------------------------------
	  2  recursive calls
	 12  db block gets
	  2  consistent gets
	  0  physical reads
	  0  redo size
	867  bytes sent via SQL*Net to client
       1204  bytes received via SQL*Net from client
	  3  SQL*Net roundtrips to/from client
	  1  sorts (memory)
	  0  sorts (disk)
	  1  rows processed


1 row created.


Statistics
----------------------------------------------------------
	  2  recursive calls
	 12  db block gets
	  2  consistent gets
	  0  physical reads
	  0  redo size
	867  bytes sent via SQL*Net to client
       1205  bytes received via SQL*Net from client
	  3  SQL*Net roundtrips to/from client
	  1  sorts (memory)
	  0  sorts (disk)
	  1  rows processed


1 row updated.


Statistics
----------------------------------------------------------
	112  recursive calls
	  1  db block gets
	251  consistent gets
	  0  physical reads
	  0  redo size
	867  bytes sent via SQL*Net to client
       1199  bytes received via SQL*Net from client
	  3  SQL*Net roundtrips to/from client
	 12  sorts (memory)
	  0  sorts (disk)
	  1  rows processed


1 row updated.


Statistics
----------------------------------------------------------
	  4  recursive calls
	  1  db block gets
	 33  consistent gets
	  0  physical reads
	  0  redo size
	867  bytes sent via SQL*Net to client
       1199  bytes received via SQL*Net from client
	  3  SQL*Net roundtrips to/from client
	  1  sorts (memory)
	  0  sorts (disk)
	  1  rows processed


1 row updated.


Statistics
----------------------------------------------------------
	  4  recursive calls
	  1  db block gets
	 33  consistent gets
	  0  physical reads
	  0  redo size
	867  bytes sent via SQL*Net to client
       1199  bytes received via SQL*Net from client
	  3  SQL*Net roundtrips to/from client
	  1  sorts (memory)
	  0  sorts (disk)
	  1  rows processed


1 row updated.


Statistics
----------------------------------------------------------
	  4  recursive calls
	  1  db block gets
	 33  consistent gets
	  0  physical reads
	  0  redo size
	867  bytes sent via SQL*Net to client
       1199  bytes received via SQL*Net from client
	  3  SQL*Net roundtrips to/from client
	  1  sorts (memory)
	  0  sorts (disk)
	  1  rows processed


1 row updated.


Statistics
----------------------------------------------------------
	  4  recursive calls
	  1  db block gets
	 33  consistent gets
	  0  physical reads
	  0  redo size
	867  bytes sent via SQL*Net to client
       1199  bytes received via SQL*Net from client
	  3  SQL*Net roundtrips to/from client
	  1  sorts (memory)
	  0  sorts (disk)
	  1  rows processed


1 row updated.


Statistics
----------------------------------------------------------
	  4  recursive calls
	  1  db block gets
	 33  consistent gets
	  0  physical reads
	  0  redo size
	867  bytes sent via SQL*Net to client
       1199  bytes received via SQL*Net from client
	  3  SQL*Net roundtrips to/from client
	  1  sorts (memory)
	  0  sorts (disk)
	  1  rows processed


1 row updated.


Statistics
----------------------------------------------------------
	  4  recursive calls
	  1  db block gets
	 33  consistent gets
	  0  physical reads
	  0  redo size
	866  bytes sent via SQL*Net to client
       1199  bytes received via SQL*Net from client
	  3  SQL*Net roundtrips to/from client
	  1  sorts (memory)
	  0  sorts (disk)
	  1  rows processed


1 row updated.


Statistics
----------------------------------------------------------
	  4  recursive calls
	  1  db block gets
	 33  consistent gets
	  0  physical reads
	  0  redo size
	868  bytes sent via SQL*Net to client
       1198  bytes received via SQL*Net from client
	  3  SQL*Net roundtrips to/from client
	  1  sorts (memory)
	  0  sorts (disk)
	  1  rows processed


1 row updated.


Statistics
----------------------------------------------------------
	  4  recursive calls
	  1  db block gets
	 33  consistent gets
	  0  physical reads
	  0  redo size
	868  bytes sent via SQL*Net to client
       1198  bytes received via SQL*Net from client
	  3  SQL*Net roundtrips to/from client
	  1  sorts (memory)
	  0  sorts (disk)
	  1  rows processed


1 row updated.


Statistics
----------------------------------------------------------
	  4  recursive calls
	  1  db block gets
	 33  consistent gets
	  0  physical reads
	  0  redo size
	868  bytes sent via SQL*Net to client
       1199  bytes received via SQL*Net from client
	  3  SQL*Net roundtrips to/from client
	  1  sorts (memory)
	  0  sorts (disk)
	  1  rows processed

timing for: trigger_3_prep
Elapsed: 00:00:00.09

Rollback complete.

'3rd rule - sold_products trigger'

Trigger created.


1 row created.


Statistics
----------------------------------------------------------
	 18  recursive calls
	 15  db block gets
	 76  consistent gets
	  0  physical reads
	  0  redo size
	869  bytes sent via SQL*Net to client
       1205  bytes received via SQL*Net from client
	  3  SQL*Net roundtrips to/from client
	  2  sorts (memory)
	  0  sorts (disk)
	  1  rows processed


1 row created.


Statistics
----------------------------------------------------------
	  3  recursive calls
	 13  db block gets
	 33  consistent gets
	  0  physical reads
	  0  redo size
	870  bytes sent via SQL*Net to client
       1205  bytes received via SQL*Net from client
	  3  SQL*Net roundtrips to/from client
	  1  sorts (memory)
	  0  sorts (disk)
	  1  rows processed


1 row created.


Statistics
----------------------------------------------------------
	  3  recursive calls
	 13  db block gets
	 33  consistent gets
	  0  physical reads
	  0  redo size
	870  bytes sent via SQL*Net to client
       1205  bytes received via SQL*Net from client
	  3  SQL*Net roundtrips to/from client
	  1  sorts (memory)
	  0  sorts (disk)
	  1  rows processed


1 row created.


Statistics
----------------------------------------------------------
	  3  recursive calls
	 13  db block gets
	 33  consistent gets
	  0  physical reads
	  0  redo size
	870  bytes sent via SQL*Net to client
       1205  bytes received via SQL*Net from client
	  3  SQL*Net roundtrips to/from client
	  1  sorts (memory)
	  0  sorts (disk)
	  1  rows processed


1 row created.


Statistics
----------------------------------------------------------
	  3  recursive calls
	 13  db block gets
	 33  consistent gets
	  0  physical reads
	  0  redo size
	870  bytes sent via SQL*Net to client
       1205  bytes received via SQL*Net from client
	  3  SQL*Net roundtrips to/from client
	  1  sorts (memory)
	  0  sorts (disk)
	  1  rows processed


1 row created.


Statistics
----------------------------------------------------------
	  3  recursive calls
	 15  db block gets
	 33  consistent gets
	  0  physical reads
	  0  redo size
	870  bytes sent via SQL*Net to client
       1205  bytes received via SQL*Net from client
	  3  SQL*Net roundtrips to/from client
	  1  sorts (memory)
	  0  sorts (disk)
	  1  rows processed


1 row created.


Statistics
----------------------------------------------------------
	  3  recursive calls
	 13  db block gets
	 33  consistent gets
	  0  physical reads
	  0  redo size
	870  bytes sent via SQL*Net to client
       1205  bytes received via SQL*Net from client
	  3  SQL*Net roundtrips to/from client
	  1  sorts (memory)
	  0  sorts (disk)
	  1  rows processed


1 row created.


Statistics
----------------------------------------------------------
	  3  recursive calls
	 13  db block gets
	 33  consistent gets
	  0  physical reads
	  0  redo size
	870  bytes sent via SQL*Net to client
       1204  bytes received via SQL*Net from client
	  3  SQL*Net roundtrips to/from client
	  1  sorts (memory)
	  0  sorts (disk)
	  1  rows processed


1 row created.


Statistics
----------------------------------------------------------
	  3  recursive calls
	 13  db block gets
	 33  consistent gets
	  0  physical reads
	  0  redo size
	870  bytes sent via SQL*Net to client
       1204  bytes received via SQL*Net from client
	  3  SQL*Net roundtrips to/from client
	  1  sorts (memory)
	  0  sorts (disk)
	  1  rows processed


1 row created.


Statistics
----------------------------------------------------------
	  3  recursive calls
	 13  db block gets
	 33  consistent gets
	  0  physical reads
	  0  redo size
	870  bytes sent via SQL*Net to client
       1205  bytes received via SQL*Net from client
	  3  SQL*Net roundtrips to/from client
	  1  sorts (memory)
	  0  sorts (disk)
	  1  rows processed

timing for: trigger_3
Elapsed: 00:00:00.07
