
System altered.


System altered.


1 row created.


Statistics
----------------------------------------------------------
	386  recursive calls
	 18  db block gets
	618  consistent gets
	  0  physical reads
       1040  redo size
	864  bytes sent via SQL*Net to client
       1205  bytes received via SQL*Net from client
	  3  SQL*Net roundtrips to/from client
	 24  sorts (memory)
	  0  sorts (disk)
	  1  rows processed


1 row created.


Statistics
----------------------------------------------------------
	  2  recursive calls
	 12  db block gets
	  2  consistent gets
	  0  physical reads
	 96  redo size
	864  bytes sent via SQL*Net to client
       1205  bytes received via SQL*Net from client
	  3  SQL*Net roundtrips to/from client
	  1  sorts (memory)
	  0  sorts (disk)
	  1  rows processed


1 row created.


Statistics
----------------------------------------------------------
	  2  recursive calls
	 14  db block gets
	  3  consistent gets
	  0  physical reads
       2060  redo size
	866  bytes sent via SQL*Net to client
       1205  bytes received via SQL*Net from client
	  3  SQL*Net roundtrips to/from client
	  1  sorts (memory)
	  0  sorts (disk)
	  1  rows processed


1 row created.


Statistics
----------------------------------------------------------
	  2  recursive calls
	 12  db block gets
	  2  consistent gets
	  0  physical reads
	656  redo size
	866  bytes sent via SQL*Net to client
       1205  bytes received via SQL*Net from client
	  3  SQL*Net roundtrips to/from client
	  1  sorts (memory)
	  0  sorts (disk)
	  1  rows processed


1 row created.


Statistics
----------------------------------------------------------
	  2  recursive calls
	 12  db block gets
	  2  consistent gets
	  0  physical reads
	656  redo size
	867  bytes sent via SQL*Net to client
       1205  bytes received via SQL*Net from client
	  3  SQL*Net roundtrips to/from client
	  1  sorts (memory)
	  0  sorts (disk)
	  1  rows processed


1 row created.


Statistics
----------------------------------------------------------
	  2  recursive calls
	 12  db block gets
	  2  consistent gets
	  0  physical reads
	560  redo size
	867  bytes sent via SQL*Net to client
       1205  bytes received via SQL*Net from client
	  3  SQL*Net roundtrips to/from client
	  1  sorts (memory)
	  0  sorts (disk)
	  1  rows processed


1 row created.


Statistics
----------------------------------------------------------
	  2  recursive calls
	 12  db block gets
	  2  consistent gets
	  0  physical reads
	656  redo size
	866  bytes sent via SQL*Net to client
       1205  bytes received via SQL*Net from client
	  3  SQL*Net roundtrips to/from client
	  1  sorts (memory)
	  0  sorts (disk)
	  1  rows processed


1 row created.


Statistics
----------------------------------------------------------
	  2  recursive calls
	 12  db block gets
	  3  consistent gets
	  0  physical reads
	656  redo size
	867  bytes sent via SQL*Net to client
       1204  bytes received via SQL*Net from client
	  3  SQL*Net roundtrips to/from client
	  1  sorts (memory)
	  0  sorts (disk)
	  1  rows processed


1 row created.


Statistics
----------------------------------------------------------
	  2  recursive calls
	 12  db block gets
	  2  consistent gets
	  0  physical reads
	656  redo size
	867  bytes sent via SQL*Net to client
       1204  bytes received via SQL*Net from client
	  3  SQL*Net roundtrips to/from client
	  1  sorts (memory)
	  0  sorts (disk)
	  1  rows processed


1 row created.


Statistics
----------------------------------------------------------
	  2  recursive calls
	 12  db block gets
	  2  consistent gets
	  0  physical reads
	656  redo size
	866  bytes sent via SQL*Net to client
       1205  bytes received via SQL*Net from client
	  3  SQL*Net roundtrips to/from client
	  1  sorts (memory)
	  0  sorts (disk)
	  1  rows processed


1 row updated.


Statistics
----------------------------------------------------------
	145  recursive calls
	 33  db block gets
	315  consistent gets
	  0  physical reads
       6232  redo size
	868  bytes sent via SQL*Net to client
       1199  bytes received via SQL*Net from client
	  3  SQL*Net roundtrips to/from client
	 14  sorts (memory)
	  0  sorts (disk)
	  1  rows processed


1 row updated.


Statistics
----------------------------------------------------------
	  4  recursive calls
	  1  db block gets
	 64  consistent gets
	  0  physical reads
	344  redo size
	868  bytes sent via SQL*Net to client
       1199  bytes received via SQL*Net from client
	  3  SQL*Net roundtrips to/from client
	  1  sorts (memory)
	  0  sorts (disk)
	  1  rows processed


1 row updated.


Statistics
----------------------------------------------------------
	  4  recursive calls
	  1  db block gets
	 64  consistent gets
	  0  physical reads
	344  redo size
	867  bytes sent via SQL*Net to client
       1199  bytes received via SQL*Net from client
	  3  SQL*Net roundtrips to/from client
	  1  sorts (memory)
	  0  sorts (disk)
	  1  rows processed


1 row updated.


Statistics
----------------------------------------------------------
	  4  recursive calls
	  1  db block gets
	 64  consistent gets
	  0  physical reads
	344  redo size
	867  bytes sent via SQL*Net to client
       1199  bytes received via SQL*Net from client
	  3  SQL*Net roundtrips to/from client
	  1  sorts (memory)
	  0  sorts (disk)
	  1  rows processed


1 row updated.


Statistics
----------------------------------------------------------
	  4  recursive calls
	  1  db block gets
	 64  consistent gets
	  0  physical reads
	344  redo size
	868  bytes sent via SQL*Net to client
       1199  bytes received via SQL*Net from client
	  3  SQL*Net roundtrips to/from client
	  1  sorts (memory)
	  0  sorts (disk)
	  1  rows processed


1 row updated.


Statistics
----------------------------------------------------------
	  4  recursive calls
	  1  db block gets
	 64  consistent gets
	  0  physical reads
	344  redo size
	868  bytes sent via SQL*Net to client
       1199  bytes received via SQL*Net from client
	  3  SQL*Net roundtrips to/from client
	  1  sorts (memory)
	  0  sorts (disk)
	  1  rows processed


1 row updated.


Statistics
----------------------------------------------------------
	  4  recursive calls
	  1  db block gets
	 64  consistent gets
	  0  physical reads
	296  redo size
	868  bytes sent via SQL*Net to client
       1199  bytes received via SQL*Net from client
	  3  SQL*Net roundtrips to/from client
	  1  sorts (memory)
	  0  sorts (disk)
	  1  rows processed


1 row updated.


Statistics
----------------------------------------------------------
	  4  recursive calls
	  1  db block gets
	 64  consistent gets
	  0  physical reads
	296  redo size
	869  bytes sent via SQL*Net to client
       1198  bytes received via SQL*Net from client
	  3  SQL*Net roundtrips to/from client
	  1  sorts (memory)
	  0  sorts (disk)
	  1  rows processed


1 row updated.


Statistics
----------------------------------------------------------
	  4  recursive calls
	  1  db block gets
	 64  consistent gets
	  0  physical reads
	344  redo size
	869  bytes sent via SQL*Net to client
       1198  bytes received via SQL*Net from client
	  3  SQL*Net roundtrips to/from client
	  1  sorts (memory)
	  0  sorts (disk)
	  1  rows processed


1 row updated.


Statistics
----------------------------------------------------------
	  4  recursive calls
	  1  db block gets
	 64  consistent gets
	  0  physical reads
	296  redo size
	869  bytes sent via SQL*Net to client
       1199  bytes received via SQL*Net from client
	  3  SQL*Net roundtrips to/from client
	  1  sorts (memory)
	  0  sorts (disk)
	  1  rows processed

timing for: trigger_1_prep
Elapsed: 00:00:00.10

Rollback complete.

'1st rule - unsold_products scheduler job'

PL/SQL procedure successfully completed.


1 row created.


Statistics
----------------------------------------------------------
	  0  recursive calls
	 14  db block gets
	  0  consistent gets
	  0  physical reads
	  0  redo size
	870  bytes sent via SQL*Net to client
       1205  bytes received via SQL*Net from client
	  3  SQL*Net roundtrips to/from client
	  1  sorts (memory)
	  0  sorts (disk)
	  1  rows processed


1 row created.


Statistics
----------------------------------------------------------
	  0  recursive calls
	 12  db block gets
	  0  consistent gets
	  0  physical reads
	  0  redo size
	870  bytes sent via SQL*Net to client
       1205  bytes received via SQL*Net from client
	  3  SQL*Net roundtrips to/from client
	  1  sorts (memory)
	  0  sorts (disk)
	  1  rows processed


1 row created.


Statistics
----------------------------------------------------------
	  0  recursive calls
	 12  db block gets
	  0  consistent gets
	  0  physical reads
	  0  redo size
	870  bytes sent via SQL*Net to client
       1205  bytes received via SQL*Net from client
	  3  SQL*Net roundtrips to/from client
	  1  sorts (memory)
	  0  sorts (disk)
	  1  rows processed


1 row created.


Statistics
----------------------------------------------------------
	  0  recursive calls
	 12  db block gets
	  0  consistent gets
	  0  physical reads
	  0  redo size
	870  bytes sent via SQL*Net to client
       1205  bytes received via SQL*Net from client
	  3  SQL*Net roundtrips to/from client
	  1  sorts (memory)
	  0  sorts (disk)
	  1  rows processed


1 row created.


Statistics
----------------------------------------------------------
	  0  recursive calls
	 12  db block gets
	  0  consistent gets
	  0  physical reads
	  0  redo size
	870  bytes sent via SQL*Net to client
       1205  bytes received via SQL*Net from client
	  3  SQL*Net roundtrips to/from client
	  1  sorts (memory)
	  0  sorts (disk)
	  1  rows processed


1 row created.


Statistics
----------------------------------------------------------
	  0  recursive calls
	 12  db block gets
	  0  consistent gets
	  0  physical reads
	  0  redo size
	870  bytes sent via SQL*Net to client
       1205  bytes received via SQL*Net from client
	  3  SQL*Net roundtrips to/from client
	  1  sorts (memory)
	  0  sorts (disk)
	  1  rows processed


1 row created.


Statistics
----------------------------------------------------------
	  0  recursive calls
	 12  db block gets
	  0  consistent gets
	  0  physical reads
	  0  redo size
	870  bytes sent via SQL*Net to client
       1205  bytes received via SQL*Net from client
	  3  SQL*Net roundtrips to/from client
	  1  sorts (memory)
	  0  sorts (disk)
	  1  rows processed


1 row created.


Statistics
----------------------------------------------------------
	  0  recursive calls
	 12  db block gets
	  0  consistent gets
	  0  physical reads
	  0  redo size
	870  bytes sent via SQL*Net to client
       1204  bytes received via SQL*Net from client
	  3  SQL*Net roundtrips to/from client
	  1  sorts (memory)
	  0  sorts (disk)
	  1  rows processed


1 row created.


Statistics
----------------------------------------------------------
	  0  recursive calls
	 12  db block gets
	  0  consistent gets
	  0  physical reads
	  0  redo size
	870  bytes sent via SQL*Net to client
       1204  bytes received via SQL*Net from client
	  3  SQL*Net roundtrips to/from client
	  1  sorts (memory)
	  0  sorts (disk)
	  1  rows processed


1 row created.


Statistics
----------------------------------------------------------
	  0  recursive calls
	 12  db block gets
	  0  consistent gets
	  0  physical reads
	  0  redo size
	869  bytes sent via SQL*Net to client
       1205  bytes received via SQL*Net from client
	  3  SQL*Net roundtrips to/from client
	  1  sorts (memory)
	  0  sorts (disk)
	  1  rows processed


PL/SQL procedure successfully completed.

timing for: trigger_1
Elapsed: 00:00:00.10
