
System altered.


System altered.


1 row created.


Statistics
----------------------------------------------------------
	377  recursive calls
	 18  db block gets
	615  consistent gets
	  0  physical reads
	612  redo size
	864  bytes sent via SQL*Net to client
       1176  bytes received via SQL*Net from client
	  3  SQL*Net roundtrips to/from client
	 24  sorts (memory)
	  0  sorts (disk)
	  1  rows processed


1 row created.


Statistics
----------------------------------------------------------
	  2  recursive calls
	 12  db block gets
	  2  consistent gets
	  0  physical reads
	  0  redo size
	864  bytes sent via SQL*Net to client
       1176  bytes received via SQL*Net from client
	  3  SQL*Net roundtrips to/from client
	  1  sorts (memory)
	  0  sorts (disk)
	  1  rows processed


1 row created.


Statistics
----------------------------------------------------------
	  2  recursive calls
	 12  db block gets
	  2  consistent gets
	  0  physical reads
	  0  redo size
	866  bytes sent via SQL*Net to client
       1176  bytes received via SQL*Net from client
	  3  SQL*Net roundtrips to/from client
	  1  sorts (memory)
	  0  sorts (disk)
	  1  rows processed


1 row created.


Statistics
----------------------------------------------------------
	  2  recursive calls
	 12  db block gets
	  2  consistent gets
	  0  physical reads
	  0  redo size
	867  bytes sent via SQL*Net to client
       1176  bytes received via SQL*Net from client
	  3  SQL*Net roundtrips to/from client
	  1  sorts (memory)
	  0  sorts (disk)
	  1  rows processed


1 row created.


Statistics
----------------------------------------------------------
	  2  recursive calls
	 12  db block gets
	  2  consistent gets
	  0  physical reads
	  0  redo size
	867  bytes sent via SQL*Net to client
       1176  bytes received via SQL*Net from client
	  3  SQL*Net roundtrips to/from client
	  1  sorts (memory)
	  0  sorts (disk)
	  1  rows processed


1 row created.


Statistics
----------------------------------------------------------
	  2  recursive calls
	 12  db block gets
	  2  consistent gets
	  0  physical reads
	  0  redo size
	867  bytes sent via SQL*Net to client
       1176  bytes received via SQL*Net from client
	  3  SQL*Net roundtrips to/from client
	  1  sorts (memory)
	  0  sorts (disk)
	  1  rows processed


1 row created.


Statistics
----------------------------------------------------------
	  2  recursive calls
	 12  db block gets
	  2  consistent gets
	  0  physical reads
	  0  redo size
	867  bytes sent via SQL*Net to client
       1176  bytes received via SQL*Net from client
	  3  SQL*Net roundtrips to/from client
	  1  sorts (memory)
	  0  sorts (disk)
	  1  rows processed


1 row created.


Statistics
----------------------------------------------------------
	  2  recursive calls
	 12  db block gets
	  2  consistent gets
	  0  physical reads
	  0  redo size
	867  bytes sent via SQL*Net to client
       1175  bytes received via SQL*Net from client
	  3  SQL*Net roundtrips to/from client
	  1  sorts (memory)
	  0  sorts (disk)
	  1  rows processed


1 row created.


Statistics
----------------------------------------------------------
	  2  recursive calls
	 12  db block gets
	  2  consistent gets
	  0  physical reads
	  0  redo size
	867  bytes sent via SQL*Net to client
       1175  bytes received via SQL*Net from client
	  3  SQL*Net roundtrips to/from client
	  1  sorts (memory)
	  0  sorts (disk)
	  1  rows processed


1 row created.


Statistics
----------------------------------------------------------
	  2  recursive calls
	 12  db block gets
	  2  consistent gets
	  0  physical reads
	  0  redo size
	867  bytes sent via SQL*Net to client
       1176  bytes received via SQL*Net from client
	  3  SQL*Net roundtrips to/from client
	  1  sorts (memory)
	  0  sorts (disk)
	  1  rows processed


PL/SQL procedure successfully completed.

timing for: trigger_2_prep
Elapsed: 00:00:00.21

Rollback complete.

'2nd rule - sales_statement scheduler job'

PL/SQL procedure successfully completed.


1 row created.


Statistics
----------------------------------------------------------
	  0  recursive calls
	 14  db block gets
	  0  consistent gets
	  0  physical reads
	  0  redo size
	869  bytes sent via SQL*Net to client
       1176  bytes received via SQL*Net from client
	  3  SQL*Net roundtrips to/from client
	  1  sorts (memory)
	  0  sorts (disk)
	  1  rows processed


1 row created.


Statistics
----------------------------------------------------------
	  0  recursive calls
	 12  db block gets
	  0  consistent gets
	  0  physical reads
	  0  redo size
	869  bytes sent via SQL*Net to client
       1176  bytes received via SQL*Net from client
	  3  SQL*Net roundtrips to/from client
	  1  sorts (memory)
	  0  sorts (disk)
	  1  rows processed


1 row created.


Statistics
----------------------------------------------------------
	  0  recursive calls
	 12  db block gets
	  0  consistent gets
	  0  physical reads
	  0  redo size
	869  bytes sent via SQL*Net to client
       1176  bytes received via SQL*Net from client
	  3  SQL*Net roundtrips to/from client
	  1  sorts (memory)
	  0  sorts (disk)
	  1  rows processed


1 row created.


Statistics
----------------------------------------------------------
	  0  recursive calls
	 12  db block gets
	  0  consistent gets
	  0  physical reads
	  0  redo size
	869  bytes sent via SQL*Net to client
       1176  bytes received via SQL*Net from client
	  3  SQL*Net roundtrips to/from client
	  1  sorts (memory)
	  0  sorts (disk)
	  1  rows processed


1 row created.


Statistics
----------------------------------------------------------
	  0  recursive calls
	 12  db block gets
	  0  consistent gets
	  0  physical reads
	  0  redo size
	869  bytes sent via SQL*Net to client
       1176  bytes received via SQL*Net from client
	  3  SQL*Net roundtrips to/from client
	  1  sorts (memory)
	  0  sorts (disk)
	  1  rows processed


1 row created.


Statistics
----------------------------------------------------------
	  0  recursive calls
	 12  db block gets
	  0  consistent gets
	  0  physical reads
	  0  redo size
	869  bytes sent via SQL*Net to client
       1176  bytes received via SQL*Net from client
	  3  SQL*Net roundtrips to/from client
	  1  sorts (memory)
	  0  sorts (disk)
	  1  rows processed


1 row created.


Statistics
----------------------------------------------------------
	  0  recursive calls
	 12  db block gets
	  0  consistent gets
	  0  physical reads
	  0  redo size
	870  bytes sent via SQL*Net to client
       1176  bytes received via SQL*Net from client
	  3  SQL*Net roundtrips to/from client
	  1  sorts (memory)
	  0  sorts (disk)
	  1  rows processed


1 row created.


Statistics
----------------------------------------------------------
	  0  recursive calls
	 12  db block gets
	  0  consistent gets
	  0  physical reads
	  0  redo size
	870  bytes sent via SQL*Net to client
       1175  bytes received via SQL*Net from client
	  3  SQL*Net roundtrips to/from client
	  1  sorts (memory)
	  0  sorts (disk)
	  1  rows processed


1 row created.


Statistics
----------------------------------------------------------
	  0  recursive calls
	 12  db block gets
	  0  consistent gets
	  0  physical reads
	  0  redo size
	870  bytes sent via SQL*Net to client
       1175  bytes received via SQL*Net from client
	  3  SQL*Net roundtrips to/from client
	  1  sorts (memory)
	  0  sorts (disk)
	  1  rows processed


1 row created.


Statistics
----------------------------------------------------------
	  0  recursive calls
	 12  db block gets
	  0  consistent gets
	  0  physical reads
	  0  redo size
	870  bytes sent via SQL*Net to client
       1176  bytes received via SQL*Net from client
	  3  SQL*Net roundtrips to/from client
	  1  sorts (memory)
	  0  sorts (disk)
	  1  rows processed


PL/SQL procedure successfully completed.

timing for: trigger_2
Elapsed: 00:00:00.18
